{"meta": {"format": 3, "version": "7.10.6", "timestamp": "2026-07-29T13:40:04.581454", "branch_coverage": false, "show_contexts": false}, "files": {"coregraph/__init__.py": {"executed_lines": [1, 8, 9, 10, 11, 13, 23], "summary": {"covered_lines": 6, "num_statements": 6, "percent_covered": 100.0, "percent_covered_display": "100", "missing_lines": 0, "excluded_lines": 0}, "missing_lines": [], "excluded_lines": [], "functions": {"": {"executed_lines": [1, 8, 9, 10, 11, 13, 23], "summary": {"covered_lines": 6, "num_statements": 6, "percent_covered": 100.0, "percent_covered_display": "100", "missing_lines": 0, "excluded_lines": 0}, "missing_lines": [], "excluded_lines": []}}, "classes": {"": {"executed_lines": [1, 8, 9, 10, 11, 13, 23], "summary": {"covered_lines": 6, "num_statements": 6, "percent_covered": 100.0, "percent_covered_display": "100", "missing_lines": 0, "excluded_lines": 0}, "missing_lines": [], "excluded_lines": []}}}, "coregraph/contracts/__init__.py": {"executed_lines": [1, 3, 17, 19], "summary": {"covered_lines": 3, "num_statements": 3, "percent_covered": 100.0, "percent_covered_display": "100", "missing_lines": 0, "excluded_lines": 0}, "missing_lines": [], "excluded_lines": [], "functions": {"": {"executed_lines": [1, 3, 17, 19], "summary": {"covered_lines": 3, "num_statements": 3, "percent_covered": 100.0, "percent_covered_display": "100", "missing_lines": 0, "excluded_lines": 0}, "missing_lines": [], "excluded_lines": []}}, "classes": {"": {"executed_lines": [1, 3, 17, 19], "summary": {"covered_lines": 3, "num_statements": 3, "percent_covered": 100.0, "percent_covered_display": "100", "missing_lines": 0, "excluded_lines": 0}, "missing_lines": [], "excluded_lines": []}}}, "coregraph/contracts/axes.py": {"executed_lines": [1, 3, 5, 6, 7, 8, 10, 13, 15, 19, 22, 23, 27, 28, 29, 30, 31, 32, 33, 34, 35, 38, 39, 40, 41, 42, 43, 44, 45, 46, 49, 50, 51, 52, 53, 54, 55, 56, 57, 58, 59, 60, 61, 64, 65, 66, 67, 68, 69, 70, 71, 72, 75, 76, 77, 78, 79, 80, 81, 82, 85, 86, 87, 88, 89, 90, 91, 92, 93, 96, 97, 98, 99, 102, 103, 104, 105, 108, 109, 110, 111, 112, 113, 115, 116, 118, 120, 122, 126, 127, 128, 129, 130, 131, 133, 134, 136, 138, 140, 142, 148, 149, 150, 151, 152, 154, 155, 156, 158, 165, 168, 172, 173, 174, 175, 176, 177, 178, 180, 181, 183, 185, 187, 189, 191, 193], "summary": {"covered_lines": 125, "num_statements": 153, "percent_covered": 81.69934640522875, "percent_covered_display": "82", "missing_lines": 28, "excluded_lines": 0}, "missing_lines": [16, 24, 117, 119, 121, 123, 135, 137, 139, 141, 143, 144, 145, 157, 163, 164, 166, 167, 169, 182, 184, 186, 188, 190, 192, 194, 195, 196], "excluded_lines": [], "functions": {"validate_identifier": {"executed_lines": [15, 19], "summary": {"covered_lines": 2, "num_statements": 3, "percent_covered": 66.66666666666667, "percent_covered_display": "67", "missing_lines": 1, "excluded_lines": 0}, "missing_lines": [16], "excluded_lines": []}, "_Axis.__str__": {"executed_lines": [], "summary": {"covered_lines": 0, "num_statements": 1, "percent_covered": 0.0, "percent_covered_display": "0", "missing_lines": 1, "excluded_lines": 0}, "missing_lines": [24], "excluded_lines": []}, "TimeSpec.__post_init__": {"executed_lines": [116, 118, 120, 122], "summary": {"covered_lines": 4, "num_statements": 8, "percent_covered": 50.0, "percent_covered_display": "50", "missing_lines": 4, "excluded_lines": 0}, "missing_lines": [117, 119, 121, 123], "excluded_lines": []}, "ConstructionSpec.__post_init__": {"executed_lines": [134, 136, 138, 140, 142], "summary": {"covered_lines": 5, "num_statements": 12, "percent_covered": 41.666666666666664, "percent_covered_display": "42", "missing_lines": 7, "excluded_lines": 0}, "missing_lines": [135, 137, 139, 141, 143, 144, 145], "excluded_lines": []}, "BudgetSpec.__post_init__": {"executed_lines": [155, 156, 158, 165, 168], "summary": {"covered_lines": 5, "num_statements": 11, "percent_covered": 45.45454545454545, "percent_covered_display": "45", "missing_lines": 6, "excluded_lines": 0}, "missing_lines": [157, 163, 164, 166, 167, 169], "excluded_lines": []}, "ResourceSpec.__post_init__": {"executed_lines": [181, 183, 185, 187, 189, 191, 193], "summary": {"covered_lines": 7, "num_statements": 16, "percent_covered": 43.75, "percent_covered_display": "44", "missing_lines": 9, "excluded_lines": 0}, "missing_lines": [182, 184, 186, 188, 190, 192, 194, 195, 196], "excluded_lines": []}, "": {"executed_lines": [1, 3, 5, 6, 7, 8, 10, 13, 22, 23, 27, 28, 29, 30, 31, 32, 33, 34, 35, 38, 39, 40, 41, 42, 43, 44, 45, 46, 49, 50, 51, 52, 53, 54, 55, 56, 57, 58, 59, 60, 61, 64, 65, 66, 67, 68, 69, 70, 71, 72, 75, 76, 77, 78, 79, 80, 81, 82, 85, 86, 87, 88, 89, 90, 91, 92, 93, 96, 97, 98, 99, 102, 103, 104, 105, 108, 109, 110, 111, 112, 113, 115, 126, 127, 128, 129, 130, 131, 133, 148, 149, 150, 151, 152, 154, 172, 173, 174, 175, 176, 177, 178, 180], "summary": {"covered_lines": 102, "num_statements": 102, "percent_covered": 100.0, "percent_covered_display": "100", "missing_lines": 0, "excluded_lines": 0}, "missing_lines": [], "excluded_lines": []}}, "classes": {"_Axis": {"executed_lines": [], "summary": {"covered_lines": 0, "num_statements": 1, "percent_covered": 0.0, "percent_covered_display": "0", "missing_lines": 1, "excluded_lines": 0}, "missing_lines": [24], "excluded_lines": []}, "TimeAxis": {"executed_lines": [], "summary": {"covered_lines": 0, "num_statements": 0, "percent_covered": 100.0, "percent_covered_display": "100", "missing_lines": 0, "excluded_lines": 0}, "missing_lines": [], "excluded_lines": []}, "VisibilityAxis": {"executed_lines": [], "summary": {"covered_lines": 0, "num_statements": 0, "percent_covered": 100.0, "percent_covered_display": "100", "missing_lines": 0, "excluded_lines": 0}, "missing_lines": [], "excluded_lines": []}, "ConstructionAxis": {"executed_lines": [], "summary": {"covered_lines": 0, "num_statements": 0, "percent_covered": 100.0, "percent_covered_display": "100", "missing_lines": 0, "excluded_lines": 0}, "missing_lines": [], "excluded_lines": []}, "SelectionAxis": {"executed_lines": [], "summary": {"covered_lines": 0, "num_statements": 0, "percent_covered": 100.0, "percent_covered_display": "100", "missing_lines": 0, "excluded_lines": 0}, "missing_lines": [], "excluded_lines": []}, "BudgetAxis": {"executed_lines": [], "summary": {"covered_lines": 0, "num_statements": 0, "percent_covered": 100.0, "percent_covered_display": "100", "missing_lines": 0, "excluded_lines": 0}, "missing_lines": [], "excluded_lines": []}, "ResourceAxis": {"executed_lines": [], "summary": {"covered_lines": 0, "num_statements": 0, "percent_covered": 100.0, "percent_covered_display": "100", "missing_lines": 0, "excluded_lines": 0}, "missing_lines": [], "excluded_lines": []}, "ContractRole": {"executed_lines": [], "summary": {"covered_lines": 0, "num_statements": 0, "percent_covered": 100.0, "percent_covered_display": "100", "missing_lines": 0, "excluded_lines": 0}, "missing_lines": [], "excluded_lines": []}, "AccessRegime": {"executed_lines": [], "summary": {"covered_lines": 0, "num_statements": 0, "percent_covered": 100.0, "percent_covered_display": "100", "missing_lines": 0, "excluded_lines": 0}, "missing_lines": [], "excluded_lines": []}, "TimeSpec": {"executed_lines": [116, 118, 120, 122], "summary": {"covered_lines": 4, "num_statements": 8, "percent_covered": 50.0, "percent_covered_display": "50", "missing_lines": 4, "excluded_lines": 0}, "missing_lines": [117, 119, 121, 123], "excluded_lines": []}, "ConstructionSpec": {"executed_lines": [134, 136, 138, 140, 142], "summary": {"covered_lines": 5, "num_statements": 12, "percent_covered": 41.666666666666664, "percent_covered_display": "42", "missing_lines": 7, "excluded_lines": 0}, "missing_lines": [135, 137, 139, 141, 143, 144, 145], "excluded_lines": []}, "BudgetSpec": {"executed_lines": [155, 156, 158, 165, 168], "summary": {"covered_lines": 5, "num_statements": 11, "percent_covered": 45.45454545454545, "percent_covered_display": "45", "missing_lines": 6, "excluded_lines": 0}, "missing_lines": [157, 163, 164, 166, 167, 169], "excluded_lines": []}, "ResourceSpec": {"executed_lines": [181, 183, 185, 187, 189, 191, 193], "summary": {"covered_lines": 7, "num_statements": 16, "percent_covered": 43.75, "percent_covered_display": "44", "missing_lines": 9, "excluded_lines": 0}, "missing_lines": [182, 184, 186, 188, 190, 192, 194, 195, 196], "excluded_lines": []}, "": {"executed_lines": [1, 3, 5, 6, 7, 8, 10, 13, 15, 19, 22, 23, 27, 28, 29, 30, 31, 32, 33, 34, 35, 38, 39, 40, 41, 42, 43, 44, 45, 46, 49, 50, 51, 52, 53, 54, 55, 56, 57, 58, 59, 60, 61, 64, 65, 66, 67, 68, 69, 70, 71, 72, 75, 76, 77, 78, 79, 80, 81, 82, 85, 86, 87, 88, 89, 90, 91, 92, 93, 96, 97, 98, 99, 102, 103, 104, 105, 108, 109, 110, 111, 112, 113, 115, 126, 127, 128, 129, 130, 131, 133, 148, 149, 150, 151, 152, 154, 172, 173, 174, 175, 176, 177, 178, 180], "summary": {"covered_lines": 104, "num_statements": 105, "percent_covered": 99.04761904761905, "percent_covered_display": "99", "missing_lines": 1, "excluded_lines": 0}, "missing_lines": [16], "excluded_lines": []}}}, "coregraph/contracts/compatibility.py": {"executed_lines": [], "summary": {"covered_lines": 0, "num_statements": 10, "percent_covered": 0.0, "percent_covered_display": "0", "missing_lines": 10, "excluded_lines": 0}, "missing_lines": [3, 5, 18, 19, 21, 49, 59, 60, 64, 65], "excluded_lines": [], "functions": {"from_protocol_contract": {"executed_lines": [], "summary": {"covered_lines": 0, "num_statements": 4, "percent_covered": 0.0, "percent_covered_display": "0", "missing_lines": 4, "excluded_lines": 0}, "missing_lines": [59, 60, 64, 65], "excluded_lines": []}, "": {"executed_lines": [], "summary": {"covered_lines": 0, "num_statements": 6, "percent_covered": 0.0, "percent_covered_display": "0", "missing_lines": 6, "excluded_lines": 0}, "missing_lines": [3, 5, 18, 19, 21, 49], "excluded_lines": []}}, "classes": {"": {"executed_lines": [], "summary": {"covered_lines": 0, "num_statements": 10, "percent_covered": 0.0, "percent_covered_display": "0", "missing_lines": 10, "excluded_lines": 0}, "missing_lines": [3, 5, 18, 19, 21, 49, 59, 60, 64, 65], "excluded_lines": []}}}, "coregraph/contracts/contract.py": {"executed_lines": [1, 3, 5, 6, 7, 8, 10, 12, 27, 30, 31, 32, 39, 40, 41, 42, 43, 44, 45, 46, 47, 48, 49, 50, 52, 53, 54, 55, 56, 58, 60, 61, 62, 63, 64, 65, 74, 75, 80, 85, 90, 99, 100, 102, 103, 105, 107, 108, 110, 111, 112, 114, 115, 116, 118, 119, 120, 126, 127, 128, 129, 130, 131, 132, 134, 145, 146, 152, 168, 169, 170, 171, 172, 173, 174, 175, 214, 215, 216, 217, 220, 221, 223, 224, 225, 226, 229, 230, 232], "summary": {"covered_lines": 87, "num_statements": 100, "percent_covered": 87.0, "percent_covered_display": "87", "missing_lines": 13, "excluded_lines": 0}, "missing_lines": [57, 79, 84, 89, 97, 104, 135, 143, 153, 166, 218, 227, 231], "excluded_lines": [], "functions": {"DeploymentContract.__post_init__": {"executed_lines": [53, 54, 55, 56, 58], "summary": {"covered_lines": 5, "num_statements": 6, "percent_covered": 83.33333333333333, "percent_covered_display": "83", "missing_lines": 1, "excluded_lines": 0}, "missing_lines": [57], "excluded_lines": []}, "DeploymentContract._validate_combinations": {"executed_lines": [61, 62, 63, 64, 65, 74, 75, 80, 85, 90], "summary": {"covered_lines": 10, "num_statements": 14, "percent_covered": 71.42857142857143, "percent_covered_display": "71", "missing_lines": 4, "excluded_lines": 0}, "missing_lines": [79, 84, 89, 97], "excluded_lines": []}, "DeploymentContract.to_dict": {"executed_lines": [100], "summary": {"covered_lines": 1, "num_statements": 1, "percent_covered": 100.0, "percent_covered_display": "100", "missing_lines": 0, "excluded_lines": 0}, "missing_lines": [], "excluded_lines": []}, "DeploymentContract.to_json": {"executed_lines": [103, 105], "summary": {"covered_lines": 2, "num_statements": 3, "percent_covered": 66.66666666666667, "percent_covered_display": "67", "missing_lines": 1, "excluded_lines": 0}, "missing_lines": [104], "excluded_lines": []}, "DeploymentContract.to_yaml": {"executed_lines": [108], "summary": {"covered_lines": 1, "num_statements": 1, "percent_covered": 100.0, "percent_covered_display": "100", "missing_lines": 0, "excluded_lines": 0}, "missing_lines": [], "excluded_lines": []}, "DeploymentContract.stable_hash": {"executed_lines": [112], "summary": {"covered_lines": 1, "num_statements": 1, "percent_covered": 100.0, "percent_covered_display": "100", "missing_lines": 0, "excluded_lines": 0}, "missing_lines": [], "excluded_lines": []}, "DeploymentContract.contract_id": {"executed_lines": [116], "summary": {"covered_lines": 1, "num_statements": 1, "percent_covered": 100.0, "percent_covered_display": "100", "missing_lines": 0, "excluded_lines": 0}, "missing_lines": [], "excluded_lines": []}, "DeploymentContract.axis_difference": {"executed_lines": [119, 120], "summary": {"covered_lines": 2, "num_statements": 2, "percent_covered": 100.0, "percent_covered_display": "100", "missing_lines": 0, "excluded_lines": 0}, "missing_lines": [], "excluded_lines": []}, "DeploymentContract.claim_projection": {"executed_lines": [127, 128, 129, 130, 131, 132], "summary": {"covered_lines": 6, "num_statements": 6, "percent_covered": 100.0, "percent_covered_display": "100", "missing_lines": 0, "excluded_lines": 0}, "missing_lines": [], "excluded_lines": []}, "DeploymentContract.compatible_with": {"executed_lines": [], "summary": {"covered_lines": 0, "num_statements": 2, "percent_covered": 0.0, "percent_covered_display": "0", "missing_lines": 2, "excluded_lines": 0}, "missing_lines": [135, 143], "excluded_lines": []}, "DeploymentContract.as_role": {"executed_lines": [146], "summary": {"covered_lines": 1, "num_statements": 1, "percent_covered": 100.0, "percent_covered_display": "100", "missing_lines": 0, "excluded_lines": 0}, "missing_lines": [], "excluded_lines": []}, "DeploymentContract.human_card": {"executed_lines": [], "summary": {"covered_lines": 0, "num_statements": 2, "percent_covered": 0.0, "percent_covered_display": "0", "missing_lines": 2, "excluded_lines": 0}, "missing_lines": [153, 166], "excluded_lines": []}, "DeploymentContract.from_dict": {"executed_lines": [170, 171, 172, 173, 174, 175], "summary": {"covered_lines": 6, "num_statements": 6, "percent_covered": 100.0, "percent_covered_display": "100", "missing_lines": 0, "excluded_lines": 0}, "missing_lines": [], "excluded_lines": []}, "DeploymentContract.from_json": {"executed_lines": [216, 217, 220, 221], "summary": {"covered_lines": 4, "num_statements": 5, "percent_covered": 80.0, "percent_covered_display": "80", "missing_lines": 1, "excluded_lines": 0}, "missing_lines": [218], "excluded_lines": []}, "DeploymentContract.from_yaml": {"executed_lines": [225, 226, 229, 230, 232], "summary": {"covered_lines": 5, "num_statements": 7, "percent_covered": 71.42857142857143, "percent_covered_display": "71", "missing_lines": 2, "excluded_lines": 0}, "missing_lines": [227, 231], "excluded_lines": []}, "": {"executed_lines": [1, 3, 5, 6, 7, 8, 10, 12, 27, 30, 31, 32, 39, 40, 41, 42, 43, 44, 45, 46, 47, 48, 49, 50, 52, 60, 99, 102, 107, 110, 111, 114, 115, 118, 126, 134, 145, 152, 168, 169, 214, 215, 223, 224], "summary": {"covered_lines": 42, "num_statements": 42, "percent_covered": 100.0, "percent_covered_display": "100", "missing_lines": 0, "excluded_lines": 0}, "missing_lines": [], "excluded_lines": []}}, "classes": {"DeploymentContract": {"executed_lines": [53, 54, 55, 56, 58, 61, 62, 63, 64, 65, 74, 75, 80, 85, 90, 100, 103, 105, 108, 112, 116, 119, 120, 127, 128, 129, 130, 131, 132, 146, 170, 171, 172, 173, 174, 175, 216, 217, 220, 221, 225, 226, 229, 230, 232], "summary": {"covered_lines": 45, "num_statements": 58, "percent_covered": 77.58620689655173, "percent_covered_display": "78", "missing_lines": 13, "excluded_lines": 0}, "missing_lines": [57, 79, 84, 89, 97, 104, 135, 143, 153, 166, 218, 227, 231], "excluded_lines": []}, "": {"executed_lines": [1, 3, 5, 6, 7, 8, 10, 12, 27, 30, 31, 32, 39, 40, 41, 42, 43, 44, 45, 46, 47, 48, 49, 50, 52, 60, 99, 102, 107, 110, 111, 114, 115, 118, 126, 134, 145, 152, 168, 169, 214, 215, 223, 224], "summary": {"covered_lines": 42, "num_statements": 42, "percent_covered": 100.0, "percent_covered_display": "100", "missing_lines": 0, "excluded_lines": 0}, "missing_lines": [], "excluded_lines": []}}}, "coregraph/contracts/schemas.py": {"executed_lines": [1, 3, 5, 15, 18, 19], "summary": {"covered_lines": 5, "num_statements": 5, "percent_covered": 100.0, "percent_covered_display": "100", "missing_lines": 0, "excluded_lines": 0}, "missing_lines": [], "excluded_lines": [], "functions": {"deployment_contract_json_schema": {"executed_lines": [18, 19], "summary": {"covered_lines": 2, "num_statements": 2, "percent_covered": 100.0, "percent_covered_display": "100", "missing_lines": 0, "excluded_lines": 0}, "missing_lines": [], "excluded_lines": []}, "": {"executed_lines": [1, 3, 5, 15], "summary": {"covered_lines": 3, "num_statements": 3, "percent_covered": 100.0, "percent_covered_display": "100", "missing_lines": 0, "excluded_lines": 0}, "missing_lines": [], "excluded_lines": []}}, "classes": {"": {"executed_lines": [1, 3, 5, 15, 18, 19], "summary": {"covered_lines": 5, "num_statements": 5, "percent_covered": 100.0, "percent_covered_display": "100", "missing_lines": 0, "excluded_lines": 0}, "missing_lines": [], "excluded_lines": []}}}, "coregraph/contracts/serialization.py": {"executed_lines": [1, 3, 5, 6, 7, 8, 9, 10, 12, 15, 16, 17, 21, 22, 23, 24, 25, 26, 27, 29, 30, 34, 35, 44, 45, 48, 57], "summary": {"covered_lines": 26, "num_statements": 34, "percent_covered": 76.47058823529412, "percent_covered_display": "76", "missing_lines": 8, "excluded_lines": 0}, "missing_lines": [28, 31, 49, 50, 51, 58, 59, 60], "excluded_lines": [], "functions": {"to_primitive": {"executed_lines": [16, 17, 21, 22, 23, 24, 25, 26, 27, 29, 30], "summary": {"covered_lines": 11, "num_statements": 13, "percent_covered": 84.61538461538461, "percent_covered_display": "85", "missing_lines": 2, "excluded_lines": 0}, "missing_lines": [28, 31], "excluded_lines": []}, "canonical_json": {"executed_lines": [35], "summary": {"covered_lines": 1, "num_statements": 1, "percent_covered": 100.0, "percent_covered_display": "100", "missing_lines": 0, "excluded_lines": 0}, "missing_lines": [], "excluded_lines": []}, "stable_sha256": {"executed_lines": [45], "summary": {"covered_lines": 1, "num_statements": 1, "percent_covered": 100.0, "percent_covered_display": "100", "missing_lines": 0, "excluded_lines": 0}, "missing_lines": [], "excluded_lines": []}, "write_json": {"executed_lines": [], "summary": {"covered_lines": 0, "num_statements": 3, "percent_covered": 0.0, "percent_covered_display": "0", "missing_lines": 3, "excluded_lines": 0}, "missing_lines": [49, 50, 51], "excluded_lines": []}, "write_yaml": {"executed_lines": [], "summary": {"covered_lines": 0, "num_statements": 3, "percent_covered": 0.0, "percent_covered_display": "0", "missing_lines": 3, "excluded_lines": 0}, "missing_lines": [58, 59, 60], "excluded_lines": []}, "": {"executed_lines": [1, 3, 5, 6, 7, 8, 9, 10, 12, 15, 34, 44, 48, 57], "summary": {"covered_lines": 13, "num_statements": 13, "percent_covered": 100.0, "percent_covered_display": "100", "missing_lines": 0, "excluded_lines": 0}, "missing_lines": [], "excluded_lines": []}}, "classes": {"": {"executed_lines": [1, 3, 5, 6, 7, 8, 9, 10, 12, 15, 16, 17, 21, 22, 23, 24, 25, 26, 27, 29, 30, 34, 35, 44, 45, 48, 57], "summary": {"covered_lines": 26, "num_statements": 34, "percent_covered": 76.47058823529412, "percent_covered_display": "76", "missing_lines": 8, "excluded_lines": 0}, "missing_lines": [28, 31, 49, 50, 51, 58, 59, 60], "excluded_lines": []}}}, "coregraph/data/__init__.py": {"executed_lines": [1, 7, 9], "summary": {"covered_lines": 2, "num_statements": 2, "percent_covered": 100.0, "percent_covered_display": "100", "missing_lines": 0, "excluded_lines": 0}, "missing_lines": [], "excluded_lines": [], "functions": {"": {"executed_lines": [1, 7, 9], "summary": {"covered_lines": 2, "num_statements": 2, "percent_covered": 100.0, "percent_covered_display": "100", "missing_lines": 0, "excluded_lines": 0}, "missing_lines": [], "excluded_lines": []}}, "classes": {"": {"executed_lines": [1, 7, 9], "summary": {"covered_lines": 2, "num_statements": 2, "percent_covered": 100.0, "percent_covered_display": "100", "missing_lines": 0, "excluded_lines": 0}, "missing_lines": [], "excluded_lines": []}}}, "coregraph/data/contract_dataset.py": {"executed_lines": [1, 3, 5, 6, 8, 10, 11, 14, 15, 16, 17, 18, 19, 20, 21, 22, 23, 26, 27, 28, 29, 30, 31, 32, 33, 34, 35, 36, 37, 38, 40, 41, 43, 44, 45, 46, 49, 61, 62, 66, 71], "summary": {"covered_lines": 40, "num_statements": 46, "percent_covered": 86.95652173913044, "percent_covered_display": "87", "missing_lines": 6, "excluded_lines": 0}, "missing_lines": [42, 47, 50, 63, 64, 65], "excluded_lines": [], "functions": {"ContractDataset.__post_init__": {"executed_lines": [41, 43, 44, 45, 46], "summary": {"covered_lines": 5, "num_statements": 7, "percent_covered": 71.42857142857143, "percent_covered_display": "71", "missing_lines": 2, "excluded_lines": 0}, "missing_lines": [42, 47], "excluded_lines": []}, "ContractDataset.summary": {"executed_lines": [], "summary": {"covered_lines": 0, "num_statements": 1, "percent_covered": 0.0, "percent_covered_display": "0", "missing_lines": 1, "excluded_lines": 0}, "missing_lines": [50], "excluded_lines": []}, "ContractDataset.batch_for_role": {"executed_lines": [62, 66, 71], "summary": {"covered_lines": 3, "num_statements": 6, "percent_covered": 50.0, "percent_covered_display": "50", "missing_lines": 3, "excluded_lines": 0}, "missing_lines": [63, 64, 65], "excluded_lines": []}, "": {"executed_lines": [1, 3, 5, 6, 8, 10, 11, 14, 15, 16, 17, 18, 19, 20, 21, 22, 23, 26, 27, 28, 29, 30, 31, 32, 33, 34, 35, 36, 37, 38, 40, 49, 61], "summary": {"covered_lines": 32, "num_statements": 32, "percent_covered": 100.0, "percent_covered_display": "100", "missing_lines": 0, "excluded_lines": 0}, "missing_lines": [], "excluded_lines": []}}, "classes": {"DatasetManifest": {"executed_lines": [], "summary": {"covered_lines": 0, "num_statements": 0, "percent_covered": 100.0, "percent_covered_display": "100", "missing_lines": 0, "excluded_lines": 0}, "missing_lines": [], "excluded_lines": []}, "ContractDataset": {"executed_lines": [41, 43, 44, 45, 46, 62, 66, 71], "summary": {"covered_lines": 8, "num_statements": 14, "percent_covered": 57.142857142857146, "percent_covered_display": "57", "missing_lines": 6, "excluded_lines": 0}, "missing_lines": [42, 47, 50, 63, 64, 65], "excluded_lines": []}, "": {"executed_lines": [1, 3, 5, 6, 8, 10, 11, 14, 15, 16, 17, 18, 19, 20, 21, 22, 23, 26, 27, 28, 29, 30, 31, 32, 33, 34, 35, 36, 37, 38, 40, 49, 61], "summary": {"covered_lines": 32, "num_statements": 32, "percent_covered": 100.0, "percent_covered_display": "100", "missing_lines": 0, "excluded_lines": 0}, "missing_lines": [], "excluded_lines": []}}}, "coregraph/data/dgraphfin_v2.py": {"executed_lines": [1, 3, 5, 6, 7, 8, 10, 12, 13, 14, 15, 16, 17, 18, 21, 22, 23, 24, 25, 28, 29, 30, 31, 32, 33, 36, 44, 48, 62, 63, 65, 66, 82, 83, 84, 85, 86, 88, 89, 96, 97, 98, 99, 102, 103, 104, 105, 116, 117, 128, 156, 157, 234, 235], "summary": {"covered_lines": 53, "num_statements": 88, "percent_covered": 60.22727272727273, "percent_covered_display": "60", "missing_lines": 35, "excluded_lines": 0}, "missing_lines": [49, 50, 51, 55, 56, 57, 58, 59, 87, 171, 172, 173, 174, 175, 176, 177, 179, 180, 181, 182, 183, 184, 185, 193, 194, 195, 198, 199, 200, 201, 213, 236, 237, 238, 242], "excluded_lines": [], "functions": {"remap_dgraphfin_labels": {"executed_lines": [29, 30, 31, 32, 33], "summary": {"covered_lines": 5, "num_statements": 5, "percent_covered": 100.0, "percent_covered_display": "100", "missing_lines": 0, "excluded_lines": 0}, "missing_lines": [], "excluded_lines": []}, "causal_node_time": {"executed_lines": [44, 48], "summary": {"covered_lines": 2, "num_statements": 10, "percent_covered": 20.0, "percent_covered_display": "20", "missing_lines": 8, "excluded_lines": 0}, "missing_lines": [49, 50, 51, 55, 56, 57, 58, 59], "excluded_lines": []}, "DGraphFinV2Adapter.node_from_arrays": {"executed_lines": [82, 83, 84, 85, 86, 88, 89, 96, 97, 98, 99, 102, 103, 104, 105, 116, 117, 128], "summary": {"covered_lines": 18, "num_statements": 19, "percent_covered": 94.73684210526316, "percent_covered_display": "95", "missing_lines": 1, "excluded_lines": 0}, "missing_lines": [87], "excluded_lines": []}, "DGraphFinV2Adapter.edge_from_arrays": {"executed_lines": [], "summary": {"covered_lines": 0, "num_statements": 22, "percent_covered": 0.0, "percent_covered_display": "0", "missing_lines": 22, "excluded_lines": 0}, "missing_lines": [171, 172, 173, 174, 175, 176, 177, 179, 180, 181, 182, 183, 184, 185, 193, 194, 195, 198, 199, 200, 201, 213], "excluded_lines": []}, "DGraphFinV2Adapter.default_raw_path": {"executed_lines": [], "summary": {"covered_lines": 0, "num_statements": 4, "percent_covered": 0.0, "percent_covered_display": "0", "missing_lines": 4, "excluded_lines": 0}, "missing_lines": [236, 237, 238, 242], "excluded_lines": []}, "": {"executed_lines": [1, 3, 5, 6, 7, 8, 10, 12, 13, 14, 15, 16, 17, 18, 21, 22, 23, 24, 25, 28, 36, 62, 63, 65, 66, 156, 157, 234, 235], "summary": {"covered_lines": 28, "num_statements": 28, "percent_covered": 100.0, "percent_covered_display": "100", "missing_lines": 0, "excluded_lines": 0}, "missing_lines": [], "excluded_lines": []}}, "classes": {"DGraphTiming": {"executed_lines": [], "summary": {"covered_lines": 0, "num_statements": 0, "percent_covered": 100.0, "percent_covered_display": "100", "missing_lines": 0, "excluded_lines": 0}, "missing_lines": [], "excluded_lines": []}, "DGraphFinV2Adapter": {"executed_lines": [82, 83, 84, 85, 86, 88, 89, 96, 97, 98, 99, 102, 103, 104, 105, 116, 117, 128], "summary": {"covered_lines": 18, "num_statements": 45, "percent_covered": 40.0, "percent_covered_display": "40", "missing_lines": 27, "excluded_lines": 0}, "missing_lines": [87, 171, 172, 173, 174, 175, 176, 177, 179, 180, 181, 182, 183, 184, 185, 193, 194, 195, 198, 199, 200, 201, 213, 236, 237, 238, 242], "excluded_lines": []}, "": {"executed_lines": [1, 3, 5, 6, 7, 8, 10, 12, 13, 14, 15, 16, 17, 18, 21, 22, 23, 24, 25, 28, 29, 30, 31, 32, 33, 36, 44, 48, 62, 63, 65, 66, 156, 157, 234, 235], "summary": {"covered_lines": 35, "num_statements": 43, "percent_covered": 81.3953488372093, "percent_covered_display": "81", "missing_lines": 8, "excluded_lines": 0}, "missing_lines": [49, 50, 51, 55, 56, 57, 58, 59], "excluded_lines": []}}}, "coregraph/data/elliptic_v2.py": {"executed_lines": [1, 3, 5, 6, 7, 9, 11, 12, 13, 14, 17, 21, 22, 23, 25, 26, 27, 28, 34, 35, 36, 38, 39, 54, 55, 57, 58, 60, 61, 62, 63, 66, 67, 68, 69, 73, 84, 85, 96, 123, 124], "summary": {"covered_lines": 40, "num_statements": 47, "percent_covered": 85.1063829787234, "percent_covered_display": "85", "missing_lines": 7, "excluded_lines": 0}, "missing_lines": [24, 56, 59, 125, 126, 127, 131], "excluded_lines": [], "functions": {"_scale_train_only": {"executed_lines": [21, 22, 23, 25, 26, 27, 28], "summary": {"covered_lines": 7, "num_statements": 8, "percent_covered": 87.5, "percent_covered_display": "88", "missing_lines": 1, "excluded_lines": 0}, "missing_lines": [24], "excluded_lines": []}, "EllipticV2Adapter.from_arrays": {"executed_lines": [54, 55, 57, 58, 60, 61, 62, 63, 66, 67, 68, 69, 73, 84, 85, 96], "summary": {"covered_lines": 16, "num_statements": 18, "percent_covered": 88.88888888888889, "percent_covered_display": "89", "missing_lines": 2, "excluded_lines": 0}, "missing_lines": [56, 59], "excluded_lines": []}, "EllipticV2Adapter.default_raw_root": {"executed_lines": [], "summary": {"covered_lines": 0, "num_statements": 4, "percent_covered": 0.0, "percent_covered_display": "0", "missing_lines": 4, "excluded_lines": 0}, "missing_lines": [125, 126, 127, 131], "excluded_lines": []}, "": {"executed_lines": [1, 3, 5, 6, 7, 9, 11, 12, 13, 14, 17, 34, 35, 36, 38, 39, 123, 124], "summary": {"covered_lines": 17, "num_statements": 17, "percent_covered": 100.0, "percent_covered_display": "100", "missing_lines": 0, "excluded_lines": 0}, "missing_lines": [], "excluded_lines": []}}, "classes": {"EllipticV2Adapter": {"executed_lines": [54, 55, 57, 58, 60, 61, 62, 63, 66, 67, 68, 69, 73, 84, 85, 96], "summary": {"covered_lines": 16, "num_statements": 22, "percent_covered": 72.72727272727273, "percent_covered_display": "73", "missing_lines": 6, "excluded_lines": 0}, "missing_lines": [56, 59, 125, 126, 127, 131], "excluded_lines": []}, "": {"executed_lines": [1, 3, 5, 6, 7, 9, 11, 12, 13, 14, 17, 21, 22, 23, 25, 26, 27, 28, 34, 35, 36, 38, 39, 123, 124], "summary": {"covered_lines": 24, "num_statements": 25, "percent_covered": 96.0, "percent_covered_display": "96", "missing_lines": 1, "excluded_lines": 0}, "missing_lines": [24], "excluded_lines": []}}}, "coregraph/data/ellipticpp_v2.py": {"executed_lines": [1, 3, 5, 6, 8, 11, 12, 13, 14, 15, 16, 17, 18, 21, 33, 38, 43, 45, 46, 47, 71], "summary": {"covered_lines": 20, "num_statements": 30, "percent_covered": 66.66666666666667, "percent_covered_display": "67", "missing_lines": 10, "excluded_lines": 0}, "missing_lines": [44, 48, 49, 56, 57, 58, 62, 72, 73, 74], "excluded_lines": [], "functions": {"validate_ellipticpp_frames": {"executed_lines": [33, 38, 43, 45, 46, 47], "summary": {"covered_lines": 6, "num_statements": 13, "percent_covered": 46.15384615384615, "percent_covered_display": "46", "missing_lines": 7, "excluded_lines": 0}, "missing_lines": [44, 48, 49, 56, 57, 58, 62], "excluded_lines": []}, "read_csv_in_chunks": {"executed_lines": [], "summary": {"covered_lines": 0, "num_statements": 3, "percent_covered": 0.0, "percent_covered_display": "0", "missing_lines": 3, "excluded_lines": 0}, "missing_lines": [72, 73, 74], "excluded_lines": []}, "": {"executed_lines": [1, 3, 5, 6, 8, 11, 12, 13, 14, 15, 16, 17, 18, 21, 71], "summary": {"covered_lines": 14, "num_statements": 14, "percent_covered": 100.0, "percent_covered_display": "100", "missing_lines": 0, "excluded_lines": 0}, "missing_lines": [], "excluded_lines": []}}, "classes": {"EllipticPlusPlusSchemaReport": {"executed_lines": [], "summary": {"covered_lines": 0, "num_statements": 0, "percent_covered": 100.0, "percent_covered_display": "100", "missing_lines": 0, "excluded_lines": 0}, "missing_lines": [], "excluded_lines": []}, "": {"executed_lines": [1, 3, 5, 6, 8, 11, 12, 13, 14, 15, 16, 17, 18, 21, 33, 38, 43, 45, 46, 47, 71], "summary": {"covered_lines": 20, "num_statements": 30, "percent_covered": 66.66666666666667, "percent_covered_display": "67", "missing_lines": 10, "excluded_lines": 0}, "missing_lines": [44, 48, 49, 56, 57, 58, 62, 72, 73, 74], "excluded_lines": []}}}, "coregraph/data/good_adapter.py": {"executed_lines": [1, 3, 5, 6, 8, 11, 12, 13, 14, 15, 16, 17, 18, 19, 22, 47, 48, 49, 50, 52, 53, 55, 59, 60], "summary": {"covered_lines": 23, "num_statements": 26, "percent_covered": 88.46153846153847, "percent_covered_display": "88", "missing_lines": 3, "excluded_lines": 0}, "missing_lines": [51, 54, 56], "excluded_lines": [], "functions": {"validate_good_record": {"executed_lines": [48, 49, 50, 52, 53, 55], "summary": {"covered_lines": 6, "num_statements": 9, "percent_covered": 66.66666666666667, "percent_covered_display": "67", "missing_lines": 3, "excluded_lines": 0}, "missing_lines": [51, 54, 56], "excluded_lines": []}, "tiny_good_fixture": {"executed_lines": [60], "summary": {"covered_lines": 1, "num_statements": 1, "percent_covered": 100.0, "percent_covered_display": "100", "missing_lines": 0, "excluded_lines": 0}, "missing_lines": [], "excluded_lines": []}, "": {"executed_lines": [1, 3, 5, 6, 8, 11, 12, 13, 14, 15, 16, 17, 18, 19, 22, 47, 59], "summary": {"covered_lines": 16, "num_statements": 16, "percent_covered": 100.0, "percent_covered_display": "100", "missing_lines": 0, "excluded_lines": 0}, "missing_lines": [], "excluded_lines": []}}, "classes": {"GOODDatasetSpec": {"executed_lines": [], "summary": {"covered_lines": 0, "num_statements": 0, "percent_covered": 100.0, "percent_covered_display": "100", "missing_lines": 0, "excluded_lines": 0}, "missing_lines": [], "excluded_lines": []}, "": {"executed_lines": [1, 3, 5, 6, 8, 11, 12, 13, 14, 15, 16, 17, 18, 19, 22, 47, 48, 49, 50, 52, 53, 55, 59, 60], "summary": {"covered_lines": 23, "num_statements": 26, "percent_covered": 88.46153846153847, "percent_covered_display": "88", "missing_lines": 3, "excluded_lines": 0}, "missing_lines": [51, 54, 56], "excluded_lines": []}}}, "coregraph/data/graph_views.py": {"executed_lines": [1, 3, 5, 6, 7, 9, 11, 12, 15, 16, 17, 18, 21, 22, 23, 24, 25, 26, 27, 28, 29, 30, 31, 32, 33, 34, 36, 37, 38, 39, 41, 43, 45, 47, 49, 50, 51, 53, 54, 57, 58, 59, 61, 62, 66, 67, 68, 69, 70, 73, 81, 82, 83, 84, 85, 86, 88, 91, 105, 112, 113, 118, 125, 126, 127, 128, 129, 153, 167, 168, 169, 170, 172, 174, 175, 176, 177, 179, 180, 193, 206, 220, 223, 230, 231, 235, 238, 242, 243, 245], "summary": {"covered_lines": 89, "num_statements": 105, "percent_covered": 84.76190476190476, "percent_covered_display": "85", "missing_lines": 16, "excluded_lines": 0}, "missing_lines": [40, 42, 44, 46, 48, 52, 55, 63, 87, 109, 110, 171, 173, 234, 241, 244], "excluded_lines": [], "functions": {"GraphView.__post_init__": {"executed_lines": [37, 38, 39, 41, 43, 45, 47, 49, 50, 51, 53, 54], "summary": {"covered_lines": 12, "num_statements": 19, "percent_covered": 63.1578947368421, "percent_covered_display": "63", "missing_lines": 7, "excluded_lines": 0}, "missing_lines": [40, 42, 44, 46, 48, 52, 55], "excluded_lines": []}, "GraphView.node_set": {"executed_lines": [59], "summary": {"covered_lines": 1, "num_statements": 1, "percent_covered": 100.0, "percent_covered_display": "100", "missing_lines": 0, "excluded_lines": 0}, "missing_lines": [], "excluded_lines": []}, "GraphView.edge_count": {"executed_lines": [], "summary": {"covered_lines": 0, "num_statements": 1, "percent_covered": 0.0, "percent_covered_display": "0", "missing_lines": 1, "excluded_lines": 0}, "missing_lines": [63], "excluded_lines": []}, "_filter_edges": {"executed_lines": [81, 82, 83, 84, 85, 86, 88], "summary": {"covered_lines": 7, "num_statements": 8, "percent_covered": 87.5, "percent_covered_display": "88", "missing_lines": 1, "excluded_lines": 0}, "missing_lines": [87], "excluded_lines": []}, "_view": {"executed_lines": [105, 112, 113, 118, 125, 126, 127, 128, 129], "summary": {"covered_lines": 9, "num_statements": 11, "percent_covered": 81.81818181818181, "percent_covered_display": "82", "missing_lines": 2, "excluded_lines": 0}, "missing_lines": [109, 110], "excluded_lines": []}, "build_temporal_graph_views": {"executed_lines": [167, 168, 169, 170, 172, 174, 175, 176, 177, 179, 180, 193, 206, 220], "summary": {"covered_lines": 14, "num_statements": 16, "percent_covered": 87.5, "percent_covered_display": "88", "missing_lines": 2, "excluded_lines": 0}, "missing_lines": [171, 173], "excluded_lines": []}, "audit_view_bundle": {"executed_lines": [230, 231, 235, 238, 242, 243, 245], "summary": {"covered_lines": 7, "num_statements": 10, "percent_covered": 70.0, "percent_covered_display": "70", "missing_lines": 3, "excluded_lines": 0}, "missing_lines": [234, 241, 244], "excluded_lines": []}, "": {"executed_lines": [1, 3, 5, 6, 7, 9, 11, 12, 15, 16, 17, 18, 21, 22, 23, 24, 25, 26, 27, 28, 29, 30, 31, 32, 33, 34, 36, 57, 58, 61, 62, 66, 67, 68, 69, 70, 73, 91, 153, 223], "summary": {"covered_lines": 39, "num_statements": 39, "percent_covered": 100.0, "percent_covered_display": "100", "missing_lines": 0, "excluded_lines": 0}, "missing_lines": [], "excluded_lines": []}}, "classes": {"ViewRole": {"executed_lines": [], "summary": {"covered_lines": 0, "num_statements": 0, "percent_covered": 100.0, "percent_covered_display": "100", "missing_lines": 0, "excluded_lines": 0}, "missing_lines": [], "excluded_lines": []}, "GraphView": {"executed_lines": [37, 38, 39, 41, 43, 45, 47, 49, 50, 51, 53, 54, 59], "summary": {"covered_lines": 13, "num_statements": 21, "percent_covered": 61.904761904761905, "percent_covered_display": "62", "missing_lines": 8, "excluded_lines": 0}, "missing_lines": [40, 42, 44, 46, 48, 52, 55, 63], "excluded_lines": []}, "GraphViewBundle": {"executed_lines": [], "summary": {"covered_lines": 0, "num_statements": 0, "percent_covered": 100.0, "percent_covered_display": "100", "missing_lines": 0, "excluded_lines": 0}, "missing_lines": [], "excluded_lines": []}, "": {"executed_lines": [1, 3, 5, 6, 7, 9, 11, 12, 15, 16, 17, 18, 21, 22, 23, 24, 25, 26, 27, 28, 29, 30, 31, 32, 33, 34, 36, 57, 58, 61, 62, 66, 67, 68, 69, 70, 73, 81, 82, 83, 84, 85, 86, 88, 91, 105, 112, 113, 118, 125, 126, 127, 128, 129, 153, 167, 168, 169, 170, 172, 174, 175, 176, 177, 179, 180, 193, 206, 220, 223, 230, 231, 235, 238, 242, 243, 245], "summary": {"covered_lines": 76, "num_statements": 84, "percent_covered": 90.47619047619048, "percent_covered_display": "90", "missing_lines": 8, "excluded_lines": 0}, "missing_lines": [87, 109, 110, 171, 173, 234, 241, 244], "excluded_lines": []}}}, "coregraph/data/ibm_aml_adapter.py": {"executed_lines": [1, 3, 5, 7, 9, 10, 11, 12, 15, 16, 17, 18, 21, 37, 39, 40, 44, 45, 46, 48, 49, 54, 56, 57, 58, 59, 60, 61, 62, 63, 64, 75, 76, 77], "summary": {"covered_lines": 33, "num_statements": 39, "percent_covered": 84.61538461538461, "percent_covered_display": "85", "missing_lines": 6, "excluded_lines": 0}, "missing_lines": [38, 47, 50, 51, 52, 55], "excluded_lines": [], "functions": {"build_ibm_aml_transaction_dataset": {"executed_lines": [37, 39, 40, 44, 45, 46, 48, 49, 54, 56, 57, 58, 59, 60, 61, 62, 63, 64, 75, 76, 77], "summary": {"covered_lines": 21, "num_statements": 27, "percent_covered": 77.77777777777777, "percent_covered_display": "78", "missing_lines": 6, "excluded_lines": 0}, "missing_lines": [38, 47, 50, 51, 52, 55], "excluded_lines": []}, "": {"executed_lines": [1, 3, 5, 7, 9, 10, 11, 12, 15, 16, 17, 18, 21], "summary": {"covered_lines": 12, "num_statements": 12, "percent_covered": 100.0, "percent_covered_display": "100", "missing_lines": 0, "excluded_lines": 0}, "missing_lines": [], "excluded_lines": []}}, "classes": {"IBMAMLSize": {"executed_lines": [], "summary": {"covered_lines": 0, "num_statements": 0, "percent_covered": 100.0, "percent_covered_display": "100", "missing_lines": 0, "excluded_lines": 0}, "missing_lines": [], "excluded_lines": []}, "": {"executed_lines": [1, 3, 5, 7, 9, 10, 11, 12, 15, 16, 17, 18, 21, 37, 39, 40, 44, 45, 46, 48, 49, 54, 56, 57, 58, 59, 60, 61, 62, 63, 64, 75, 76, 77], "summary": {"covered_lines": 33, "num_statements": 39, "percent_covered": 84.61538461538461, "percent_covered_display": "85", "missing_lines": 6, "excluded_lines": 0}, "missing_lines": [38, 47, 50, 51, 52, 55], "excluded_lines": []}}}, "coregraph/data/leakage.py": {"executed_lines": [1, 3, 5, 6, 8, 10, 11, 14, 15, 18, 19, 20, 21, 22, 23, 24, 27, 34, 35, 37, 38, 39, 40, 42, 44, 46, 49, 56, 57, 58, 59, 60, 61, 63, 64, 65, 66, 67, 68, 71, 76, 77, 78, 90], "summary": {"covered_lines": 42, "num_statements": 52, "percent_covered": 80.76923076923077, "percent_covered_display": "81", "missing_lines": 10, "excluded_lines": 0}, "missing_lines": [36, 41, 43, 45, 62, 101, 109, 117, 118, 119], "excluded_lines": [], "functions": {"audit_split_masks": {"executed_lines": [34, 35, 37, 38, 39, 40, 42, 44, 46], "summary": {"covered_lines": 9, "num_statements": 13, "percent_covered": 69.23076923076923, "percent_covered_display": "69", "missing_lines": 4, "excluded_lines": 0}, "missing_lines": [36, 41, 43, 45], "excluded_lines": []}, "audit_component_access": {"executed_lines": [56, 57, 58, 59, 60, 61, 63, 64, 65, 66, 67, 68], "summary": {"covered_lines": 12, "num_statements": 13, "percent_covered": 92.3076923076923, "percent_covered_display": "92", "missing_lines": 1, "excluded_lines": 0}, "missing_lines": [62], "excluded_lines": []}, "audit_identifier_features": {"executed_lines": [76, 77, 78], "summary": {"covered_lines": 3, "num_statements": 3, "percent_covered": 100.0, "percent_covered_display": "100", "missing_lines": 0, "excluded_lines": 0}, "missing_lines": [], "excluded_lines": []}, "audit_temporal_experiment": {"executed_lines": [], "summary": {"covered_lines": 0, "num_statements": 5, "percent_covered": 0.0, "percent_covered_display": "0", "missing_lines": 5, "excluded_lines": 0}, "missing_lines": [101, 109, 117, 118, 119], "excluded_lines": []}, "": {"executed_lines": [1, 3, 5, 6, 8, 10, 11, 14, 15, 18, 19, 20, 21, 22, 23, 24, 27, 49, 71, 90], "summary": {"covered_lines": 18, "num_statements": 18, "percent_covered": 100.0, "percent_covered_display": "100", "missing_lines": 0, "excluded_lines": 0}, "missing_lines": [], "excluded_lines": []}}, "classes": {"LeakageError": {"executed_lines": [], "summary": {"covered_lines": 0, "num_statements": 0, "percent_covered": 100.0, "percent_covered_display": "100", "missing_lines": 0, "excluded_lines": 0}, "missing_lines": [], "excluded_lines": []}, "FitAccessRecord": {"executed_lines": [], "summary": {"covered_lines": 0, "num_statements": 0, "percent_covered": 100.0, "percent_covered_display": "100", "missing_lines": 0, "excluded_lines": 0}, "missing_lines": [], "excluded_lines": []}, "": {"executed_lines": [1, 3, 5, 6, 8, 10, 11, 14, 15, 18, 19, 20, 21, 22, 23, 24, 27, 34, 35, 37, 38, 39, 40, 42, 44, 46, 49, 56, 57, 58, 59, 60, 61, 63, 64, 65, 66, 67, 68, 71, 76, 77, 78, 90], "summary": {"covered_lines": 42, "num_statements": 52, "percent_covered": 80.76923076923077, "percent_covered_display": "81", "missing_lines": 10, "excluded_lines": 0}, "missing_lines": [36, 41, 43, 45, 62, 101, 109, 117, 118, 119], "excluded_lines": []}}}, "coregraph/data/synthetic.py": {"executed_lines": [1, 3, 5, 6, 7, 9, 12, 13, 14, 15, 16, 17, 18, 19, 20, 23, 24, 25, 26, 27, 28, 29, 30, 31, 32, 33, 34, 35, 36, 37, 38, 39, 40, 41, 42, 43, 44, 46, 47, 49, 58, 59, 63, 64, 65, 66, 67, 68, 69, 70, 71, 72, 73, 76, 77, 80, 85, 87, 88, 89, 90, 91, 92, 95, 96, 97, 98, 99, 100, 101, 102, 103, 104, 107, 108, 109, 110, 111, 112, 113, 114, 117, 121, 122, 123, 124, 125, 126, 127, 128, 132, 133, 134, 135, 136, 137, 138, 139, 140, 144, 150, 151, 152, 153, 160, 161, 162, 163, 168, 169, 170, 172, 176, 179, 184, 189, 190, 191, 192, 195, 196, 198, 201, 204, 228, 233, 234, 235, 236, 237, 238, 239], "summary": {"covered_lines": 131, "num_statements": 135, "percent_covered": 97.03703703703704, "percent_covered_display": "97", "missing_lines": 4, "excluded_lines": 0}, "missing_lines": [48, 60, 86, 93], "excluded_lines": [], "functions": {"SyntheticControls.__post_init__": {"executed_lines": [47, 49, 58, 59], "summary": {"covered_lines": 4, "num_statements": 6, "percent_covered": 66.66666666666667, "percent_covered_display": "67", "missing_lines": 2, "excluded_lines": 0}, "missing_lines": [48, 60], "excluded_lines": []}, "_sigmoid": {"executed_lines": [77], "summary": {"covered_lines": 1, "num_statements": 1, "percent_covered": 100.0, "percent_covered_display": "100", "missing_lines": 0, "excluded_lines": 0}, "missing_lines": [], "excluded_lines": []}, "_generate_edges": {"executed_lines": [85, 87, 88, 89, 90, 91, 92, 95, 96, 97, 98, 99, 100, 101, 102, 103, 104], "summary": {"covered_lines": 17, "num_statements": 19, "percent_covered": 89.47368421052632, "percent_covered_display": "89", "missing_lines": 2, "excluded_lines": 0}, "missing_lines": [86, 93], "excluded_lines": []}, "_neighbour_signal": {"executed_lines": [108, 109, 110, 111, 112, 113, 114], "summary": {"covered_lines": 7, "num_statements": 7, "percent_covered": 100.0, "percent_covered_display": "100", "missing_lines": 0, "excluded_lines": 0}, "missing_lines": [], "excluded_lines": []}, "generate_contract_shift": {"executed_lines": [121, 122, 123, 124, 125, 126, 127, 128, 132, 133, 134, 135, 136, 137, 138, 139, 140, 144, 150, 151, 152, 153, 160, 161, 162, 163, 168, 169, 170, 172, 176, 179, 184, 189, 190, 191, 192, 195, 196, 198, 201, 204], "summary": {"covered_lines": 42, "num_statements": 42, "percent_covered": 100.0, "percent_covered_display": "100", "missing_lines": 0, "excluded_lines": 0}, "missing_lines": [], "excluded_lines": []}, "oracle_expert_ranking": {"executed_lines": [233, 234, 235, 236, 237, 238, 239], "summary": {"covered_lines": 7, "num_statements": 7, "percent_covered": 100.0, "percent_covered_display": "100", "missing_lines": 0, "excluded_lines": 0}, "missing_lines": [], "excluded_lines": []}, "": {"executed_lines": [1, 3, 5, 6, 7, 9, 12, 13, 14, 15, 16, 17, 18, 19, 20, 23, 24, 25, 26, 27, 28, 29, 30, 31, 32, 33, 34, 35, 36, 37, 38, 39, 40, 41, 42, 43, 44, 46, 63, 64, 65, 66, 67, 68, 69, 70, 71, 72, 73, 76, 80, 107, 117, 228], "summary": {"covered_lines": 53, "num_statements": 53, "percent_covered": 100.0, "percent_covered_display": "100", "missing_lines": 0, "excluded_lines": 0}, "missing_lines": [], "excluded_lines": []}}, "classes": {"SyntheticRegime": {"executed_lines": [], "summary": {"covered_lines": 0, "num_statements": 0, "percent_covered": 100.0, "percent_covered_display": "100", "missing_lines": 0, "excluded_lines": 0}, "missing_lines": [], "excluded_lines": []}, "SyntheticControls": {"executed_lines": [47, 49, 58, 59], "summary": {"covered_lines": 4, "num_statements": 6, "percent_covered": 66.66666666666667, "percent_covered_display": "67", "missing_lines": 2, "excluded_lines": 0}, "missing_lines": [48, 60], "excluded_lines": []}, "ContractShiftSample": {"executed_lines": [], "summary": {"covered_lines": 0, "num_statements": 0, "percent_covered": 100.0, "percent_covered_display": "100", "missing_lines": 0, "excluded_lines": 0}, "missing_lines": [], "excluded_lines": []}, "": {"executed_lines": [1, 3, 5, 6, 7, 9, 12, 13, 14, 15, 16, 17, 18, 19, 20, 23, 24, 25, 26, 27, 28, 29, 30, 31, 32, 33, 34, 35, 36, 37, 38, 39, 40, 41, 42, 43, 44, 46, 63, 64, 65, 66, 67, 68, 69, 70, 71, 72, 73, 76, 77, 80, 85, 87, 88, 89, 90, 91, 92, 95, 96, 97, 98, 99, 100, 101, 102, 103, 104, 107, 108, 109, 110, 111, 112, 113, 114, 117, 121, 122, 123, 124, 125, 126, 127, 128, 132, 133, 134, 135, 136, 137, 138, 139, 140, 144, 150, 151, 152, 153, 160, 161, 162, 163, 168, 169, 170, 172, 176, 179, 184, 189, 190, 191, 192, 195, 196, 198, 201, 204, 228, 233, 234, 235, 236, 237, 238, 239], "summary": {"covered_lines": 127, "num_statements": 129, "percent_covered": 98.44961240310077, "percent_covered_display": "98", "missing_lines": 2, "excluded_lines": 0}, "missing_lines": [86, 93], "excluded_lines": []}}}, "coregraph/data/temporal_index.py": {"executed_lines": [1, 3, 5, 8, 17, 18, 19, 21, 23, 26, 28, 29, 30, 31, 32, 33, 35, 38, 39, 41, 42, 44, 45, 46, 47, 50], "summary": {"covered_lines": 25, "num_statements": 40, "percent_covered": 62.5, "percent_covered_display": "62", "missing_lines": 15, "excluded_lines": 0}, "missing_lines": [20, 22, 24, 25, 27, 34, 40, 43, 56, 57, 58, 59, 60, 61, 62], "excluded_lines": [], "functions": {"first_incident_timestamp": {"executed_lines": [17, 18, 19, 21, 23, 26, 28, 29, 30, 31, 32, 33, 35], "summary": {"covered_lines": 13, "num_statements": 19, "percent_covered": 68.42105263157895, "percent_covered_display": "68", "missing_lines": 6, "excluded_lines": 0}, "missing_lines": [20, 22, 24, 25, 27, 34], "excluded_lines": []}, "quantile_buckets": {"executed_lines": [39, 41, 42, 44, 45, 46, 47], "summary": {"covered_lines": 7, "num_statements": 9, "percent_covered": 77.77777777777777, "percent_covered_display": "78", "missing_lines": 2, "excluded_lines": 0}, "missing_lines": [40, 43], "excluded_lines": []}, "historical_edge_mask": {"executed_lines": [], "summary": {"covered_lines": 0, "num_statements": 7, "percent_covered": 0.0, "percent_covered_display": "0", "missing_lines": 7, "excluded_lines": 0}, "missing_lines": [56, 57, 58, 59, 60, 61, 62], "excluded_lines": []}, "": {"executed_lines": [1, 3, 5, 8, 38, 50], "summary": {"covered_lines": 5, "num_statements": 5, "percent_covered": 100.0, "percent_covered_display": "100", "missing_lines": 0, "excluded_lines": 0}, "missing_lines": [], "excluded_lines": []}}, "classes": {"": {"executed_lines": [1, 3, 5, 8, 17, 18, 19, 21, 23, 26, 28, 29, 30, 31, 32, 33, 35, 38, 39, 41, 42, 44, 45, 46, 47, 50], "summary": {"covered_lines": 25, "num_statements": 40, "percent_covered": 62.5, "percent_covered_display": "62", "missing_lines": 15, "excluded_lines": 0}, "missing_lines": [20, 22, 24, 25, 27, 34, 40, 43, 56, 57, 58, 59, 60, 61, 62], "excluded_lines": []}}}, "coregraph/data/tfinance_v2.py": {"executed_lines": [1, 3, 5, 6, 7, 8, 10, 13, 14, 15, 16, 17, 20, 21, 22, 23, 24, 25, 26, 29, 38, 45, 46, 48, 52, 58], "summary": {"covered_lines": 25, "num_statements": 44, "percent_covered": 56.81818181818182, "percent_covered_display": "57", "missing_lines": 19, "excluded_lines": 0}, "missing_lines": [39, 40, 44, 47, 55, 64, 65, 66, 70, 71, 72, 73, 74, 75, 76, 77, 78, 79, 85], "excluded_lines": [], "functions": {"require_temporal_timestamps": {"executed_lines": [38, 45, 46, 48, 52], "summary": {"covered_lines": 5, "num_statements": 10, "percent_covered": 50.0, "percent_covered_display": "50", "missing_lines": 5, "excluded_lines": 0}, "missing_lines": [39, 40, 44, 47, 55], "excluded_lines": []}, "validate_tfinance_archive": {"executed_lines": [], "summary": {"covered_lines": 0, "num_statements": 14, "percent_covered": 0.0, "percent_covered_display": "0", "missing_lines": 14, "excluded_lines": 0}, "missing_lines": [64, 65, 66, 70, 71, 72, 73, 74, 75, 76, 77, 78, 79, 85], "excluded_lines": []}, "": {"executed_lines": [1, 3, 5, 6, 7, 8, 10, 13, 14, 15, 16, 17, 20, 21, 22, 23, 24, 25, 26, 29, 58], "summary": {"covered_lines": 20, "num_statements": 20, "percent_covered": 100.0, "percent_covered_display": "100", "missing_lines": 0, "excluded_lines": 0}, "missing_lines": [], "excluded_lines": []}}, "classes": {"TimestampQuality": {"executed_lines": [], "summary": {"covered_lines": 0, "num_statements": 0, "percent_covered": 100.0, "percent_covered_display": "100", "missing_lines": 0, "excluded_lines": 0}, "missing_lines": [], "excluded_lines": []}, "TFinanceSourceAudit": {"executed_lines": [], "summary": {"covered_lines": 0, "num_statements": 0, "percent_covered": 100.0, "percent_covered_display": "100", "missing_lines": 0, "excluded_lines": 0}, "missing_lines": [], "excluded_lines": []}, "": {"executed_lines": [1, 3, 5, 6, 7, 8, 10, 13, 14, 15, 16, 17, 20, 21, 22, 23, 24, 25, 26, 29, 38, 45, 46, 48, 52, 58], "summary": {"covered_lines": 25, "num_statements": 44, "percent_covered": 56.81818181818182, "percent_covered_display": "57", "missing_lines": 19, "excluded_lines": 0}, "missing_lines": [39, 40, 44, 47, 55, 64, 65, 66, 70, 71, 72, 73, 74, 75, 76, 77, 78, 79, 85], "excluded_lines": []}}}, "coregraph/evaluation/__init__.py": {"executed_lines": [1, 3, 5], "summary": {"covered_lines": 2, "num_statements": 2, "percent_covered": 100.0, "percent_covered_display": "100", "missing_lines": 0, "excluded_lines": 0}, "missing_lines": [], "excluded_lines": [], "functions": {"": {"executed_lines": [1, 3, 5], "summary": {"covered_lines": 2, "num_statements": 2, "percent_covered": 100.0, "percent_covered_display": "100", "missing_lines": 0, "excluded_lines": 0}, "missing_lines": [], "excluded_lines": []}}, "classes": {"": {"executed_lines": [1, 3, 5], "summary": {"covered_lines": 2, "num_statements": 2, "percent_covered": 100.0, "percent_covered_display": "100", "missing_lines": 0, "excluded_lines": 0}, "missing_lines": [], "excluded_lines": []}}}, "coregraph/evaluation/budgets.py": {"executed_lines": [], "summary": {"covered_lines": 0, "num_statements": 2, "percent_covered": 0.0, "percent_covered_display": "0", "missing_lines": 2, "excluded_lines": 0}, "missing_lines": [3, 10], "excluded_lines": [], "functions": {"": {"executed_lines": [], "summary": {"covered_lines": 0, "num_statements": 2, "percent_covered": 0.0, "percent_covered_display": "0", "missing_lines": 2, "excluded_lines": 0}, "missing_lines": [3, 10], "excluded_lines": []}}, "classes": {"": {"executed_lines": [], "summary": {"covered_lines": 0, "num_statements": 2, "percent_covered": 0.0, "percent_covered_display": "0", "missing_lines": 2, "excluded_lines": 0}, "missing_lines": [3, 10], "excluded_lines": []}}}, "coregraph/evaluation/calibration.py": {"executed_lines": [1, 3, 5, 6, 8, 9, 10, 11, 12, 15, 19, 20, 21, 23, 24, 25, 26, 28, 31, 32, 33, 34, 35, 36, 39, 43, 44, 46, 47, 48, 50, 56, 57, 65, 66, 67, 70, 79, 81, 82, 84, 85, 86, 87, 90, 91, 92, 95, 96, 97, 100, 101, 102, 103, 105, 109, 113, 114, 115, 116, 117, 118, 123, 125, 126, 127, 128, 130, 131, 132, 135, 136, 137, 138, 140, 145, 146, 148, 149, 150, 152, 153, 155, 158, 166, 167, 169, 170, 172, 173, 174, 175, 176, 177, 178], "summary": {"covered_lines": 94, "num_statements": 109, "percent_covered": 86.23853211009174, "percent_covered_display": "86", "missing_lines": 15, "excluded_lines": 0}, "missing_lines": [22, 27, 45, 49, 80, 83, 89, 106, 119, 120, 121, 147, 154, 168, 171], "excluded_lines": [], "functions": {"_prepare": {"executed_lines": [19, 20, 21, 23, 24, 25, 26, 28], "summary": {"covered_lines": 8, "num_statements": 10, "percent_covered": 80.0, "percent_covered_display": "80", "missing_lines": 2, "excluded_lines": 0}, "missing_lines": [22, 27], "excluded_lines": []}, "logistic_calibration_slope_intercept": {"executed_lines": [43, 44, 46, 47, 48, 50, 56, 57], "summary": {"covered_lines": 8, "num_statements": 10, "percent_covered": 80.0, "percent_covered_display": "80", "missing_lines": 2, "excluded_lines": 0}, "missing_lines": [45, 49], "excluded_lines": []}, "brier_score": {"executed_lines": [66, 67], "summary": {"covered_lines": 2, "num_statements": 2, "percent_covered": 100.0, "percent_covered_display": "100", "missing_lines": 0, "excluded_lines": 0}, "missing_lines": [], "excluded_lines": []}, "expected_calibration_error": {"executed_lines": [79, 81, 82, 84, 85, 86, 87, 90, 91, 92, 95, 96, 97], "summary": {"covered_lines": 13, "num_statements": 16, "percent_covered": 81.25, "percent_covered_display": "81", "missing_lines": 3, "excluded_lines": 0}, "missing_lines": [80, 83, 89], "excluded_lines": []}, "TemperatureScaler.transform_logits": {"executed_lines": [], "summary": {"covered_lines": 0, "num_statements": 1, "percent_covered": 0.0, "percent_covered_display": "0", "missing_lines": 1, "excluded_lines": 0}, "missing_lines": [106], "excluded_lines": []}, "fit_temperature": {"executed_lines": [113, 114, 115, 116, 117, 118, 123, 125, 130, 131, 132], "summary": {"covered_lines": 11, "num_statements": 14, "percent_covered": 78.57142857142857, "percent_covered_display": "79", "missing_lines": 3, "excluded_lines": 0}, "missing_lines": [119, 120, 121], "excluded_lines": []}, "fit_temperature.objective": {"executed_lines": [126, 127, 128], "summary": {"covered_lines": 3, "num_statements": 3, "percent_covered": 100.0, "percent_covered_display": "100", "missing_lines": 0, "excluded_lines": 0}, "missing_lines": [], "excluded_lines": []}, "IsotonicCalibrationAdapter.fit": {"executed_lines": [145, 146, 148, 149, 150], "summary": {"covered_lines": 5, "num_statements": 6, "percent_covered": 83.33333333333333, "percent_covered_display": "83", "missing_lines": 1, "excluded_lines": 0}, "missing_lines": [147], "excluded_lines": []}, "IsotonicCalibrationAdapter.transform": {"executed_lines": [153, 155], "summary": {"covered_lines": 2, "num_statements": 3, "percent_covered": 66.66666666666667, "percent_covered_display": "67", "missing_lines": 1, "excluded_lines": 0}, "missing_lines": [154], "excluded_lines": []}, "bootstrap_calibration_interval": {"executed_lines": [166, 167, 169, 170, 172, 173, 174, 175, 176, 177, 178], "summary": {"covered_lines": 11, "num_statements": 13, "percent_covered": 84.61538461538461, "percent_covered_display": "85", "missing_lines": 2, "excluded_lines": 0}, "missing_lines": [168, 171], "excluded_lines": []}, "": {"executed_lines": [1, 3, 5, 6, 8, 9, 10, 11, 12, 15, 31, 32, 33, 34, 35, 36, 39, 65, 70, 100, 101, 102, 103, 105, 109, 135, 136, 137, 138, 140, 152, 158], "summary": {"covered_lines": 31, "num_statements": 31, "percent_covered": 100.0, "percent_covered_display": "100", "missing_lines": 0, "excluded_lines": 0}, "missing_lines": [], "excluded_lines": []}}, "classes": {"LogisticCalibration": {"executed_lines": [], "summary": {"covered_lines": 0, "num_statements": 0, "percent_covered": 100.0, "percent_covered_display": "100", "missing_lines": 0, "excluded_lines": 0}, "missing_lines": [], "excluded_lines": []}, "TemperatureScaler": {"executed_lines": [], "summary": {"covered_lines": 0, "num_statements": 1, "percent_covered": 0.0, "percent_covered_display": "0", "missing_lines": 1, "excluded_lines": 0}, "missing_lines": [106], "excluded_lines": []}, "IsotonicCalibrationAdapter": {"executed_lines": [145, 146, 148, 149, 150, 153, 155], "summary": {"covered_lines": 7, "num_statements": 9, "percent_covered": 77.77777777777777, "percent_covered_display": "78", "missing_lines": 2, "excluded_lines": 0}, "missing_lines": [147, 154], "excluded_lines": []}, "": {"executed_lines": [1, 3, 5, 6, 8, 9, 10, 11, 12, 15, 19, 20, 21, 23, 24, 25, 26, 28, 31, 32, 33, 34, 35, 36, 39, 43, 44, 46, 47, 48, 50, 56, 57, 65, 66, 67, 70, 79, 81, 82, 84, 85, 86, 87, 90, 91, 92, 95, 96, 97, 100, 101, 102, 103, 105, 109, 113, 114, 115, 116, 117, 118, 123, 125, 126, 127, 128, 130, 131, 132, 135, 136, 137, 138, 140, 152, 158, 166, 167, 169, 170, 172, 173, 174, 175, 176, 177, 178], "summary": {"covered_lines": 87, "num_statements": 99, "percent_covered": 87.87878787878788, "percent_covered_display": "88", "missing_lines": 12, "excluded_lines": 0}, "missing_lines": [22, 27, 45, 49, 80, 83, 89, 119, 120, 121, 168, 171], "excluded_lines": []}}}, "coregraph/evaluation/corrections.py": {"executed_lines": [1, 3, 5, 6, 8, 11, 12, 13, 14, 15, 16, 19, 20, 21, 23, 24, 25, 27, 29, 32, 33, 34, 35, 37, 38, 39, 40, 41, 42, 46, 47, 48, 49, 50, 52, 53, 54, 55, 63, 67, 68, 69, 71, 72, 73, 74, 75, 76, 77, 78, 79, 87, 91, 92, 93, 101], "summary": {"covered_lines": 55, "num_statements": 62, "percent_covered": 88.70967741935483, "percent_covered_display": "89", "missing_lines": 7, "excluded_lines": 0}, "missing_lines": [22, 26, 28, 36, 70, 112, 113], "excluded_lines": [], "functions": {"_validate": {"executed_lines": [20, 21, 23, 24, 25, 27, 29], "summary": {"covered_lines": 7, "num_statements": 10, "percent_covered": 70.0, "percent_covered_display": "70", "missing_lines": 3, "excluded_lines": 0}, "missing_lines": [22, 26, 28], "excluded_lines": []}, "holm": {"executed_lines": [33, 34, 35, 37, 38, 39, 40, 41, 42, 46, 47, 48, 49, 50, 52, 53, 54, 55], "summary": {"covered_lines": 18, "num_statements": 19, "percent_covered": 94.73684210526316, "percent_covered_display": "95", "missing_lines": 1, "excluded_lines": 0}, "missing_lines": [36], "excluded_lines": []}, "benjamini_hochberg": {"executed_lines": [67, 68, 69, 71, 72, 73, 74, 75, 76, 77, 78, 79], "summary": {"covered_lines": 12, "num_statements": 13, "percent_covered": 92.3076923076923, "percent_covered_display": "92", "missing_lines": 1, "excluded_lines": 0}, "missing_lines": [70], "excluded_lines": []}, "bonferroni": {"executed_lines": [91, 92, 93], "summary": {"covered_lines": 3, "num_statements": 3, "percent_covered": 100.0, "percent_covered_display": "100", "missing_lines": 0, "excluded_lines": 0}, "missing_lines": [], "excluded_lines": []}, "westfall_young_placeholder": {"executed_lines": [], "summary": {"covered_lines": 0, "num_statements": 2, "percent_covered": 0.0, "percent_covered_display": "0", "missing_lines": 2, "excluded_lines": 0}, "missing_lines": [112, 113], "excluded_lines": []}, "": {"executed_lines": [1, 3, 5, 6, 8, 11, 12, 13, 14, 15, 16, 19, 32, 63, 87, 101], "summary": {"covered_lines": 15, "num_statements": 15, "percent_covered": 100.0, "percent_covered_display": "100", "missing_lines": 0, "excluded_lines": 0}, "missing_lines": [], "excluded_lines": []}}, "classes": {"CorrectionResult": {"executed_lines": [], "summary": {"covered_lines": 0, "num_statements": 0, "percent_covered": 100.0, "percent_covered_display": "100", "missing_lines": 0, "excluded_lines": 0}, "missing_lines": [], "excluded_lines": []}, "": {"executed_lines": [1, 3, 5, 6, 8, 11, 12, 13, 14, 15, 16, 19, 20, 21, 23, 24, 25, 27, 29, 32, 33, 34, 35, 37, 38, 39, 40, 41, 42, 46, 47, 48, 49, 50, 52, 53, 54, 55, 63, 67, 68, 69, 71, 72, 73, 74, 75, 76, 77, 78, 79, 87, 91, 92, 93, 101], "summary": {"covered_lines": 55, "num_statements": 62, "percent_covered": 88.70967741935483, "percent_covered_display": "89", "missing_lines": 7, "excluded_lines": 0}, "missing_lines": [22, 26, 28, 36, 70, 112, 113], "excluded_lines": []}}}, "coregraph/evaluation/metrics.py": {"executed_lines": [1, 3, 5, 6, 8, 9, 10, 20, 26, 31, 32, 33, 35, 36, 37, 38, 39, 42, 48, 54, 55, 57, 58, 60, 62, 63, 64, 67, 80, 86, 87, 88, 90, 91, 94, 95, 96, 100, 107, 108, 110, 111, 113, 115, 118, 125, 143, 144, 145, 146, 147, 148, 151, 161, 162, 163, 167, 173, 175, 176, 177, 178, 179, 180, 190, 191, 192, 199, 204, 205, 206, 208, 209], "summary": {"covered_lines": 72, "num_statements": 107, "percent_covered": 67.28971962616822, "percent_covered_display": "67", "missing_lines": 35, "excluded_lines": 0}, "missing_lines": [21, 22, 23, 34, 43, 44, 45, 56, 61, 73, 74, 75, 76, 77, 89, 97, 109, 112, 126, 127, 128, 130, 131, 132, 133, 174, 181, 182, 183, 184, 185, 186, 187, 189, 207], "excluded_lines": [], "functions": {"_binary": {"executed_lines": [], "summary": {"covered_lines": 0, "num_statements": 3, "percent_covered": 0.0, "percent_covered_display": "0", "missing_lines": 3, "excluded_lines": 0}, "missing_lines": [21, 22, 23], "excluded_lines": []}, "_prepare": {"executed_lines": [31, 32, 33, 35, 36, 37, 38, 39], "summary": {"covered_lines": 8, "num_statements": 9, "percent_covered": 88.88888888888889, "percent_covered_display": "89", "missing_lines": 1, "excluded_lines": 0}, "missing_lines": [34], "excluded_lines": []}, "average_ranks": {"executed_lines": [], "summary": {"covered_lines": 0, "num_statements": 3, "percent_covered": 0.0, "percent_covered_display": "0", "missing_lines": 3, "excluded_lines": 0}, "missing_lines": [43, 44, 45], "excluded_lines": []}, "deterministic_top_k": {"executed_lines": [54, 55, 57, 58, 60, 62, 63, 64], "summary": {"covered_lines": 8, "num_statements": 10, "percent_covered": 80.0, "percent_covered_display": "80", "missing_lines": 2, "excluded_lines": 0}, "missing_lines": [56, 61], "excluded_lines": []}, "precision_at_k": {"executed_lines": [], "summary": {"covered_lines": 0, "num_statements": 5, "percent_covered": 0.0, "percent_covered_display": "0", "missing_lines": 5, "excluded_lines": 0}, "missing_lines": [73, 74, 75, 76, 77], "excluded_lines": []}, "recall_at_k": {"executed_lines": [86, 87, 88, 90, 91], "summary": {"covered_lines": 5, "num_statements": 6, "percent_covered": 83.33333333333333, "percent_covered_display": "83", "missing_lines": 1, "excluded_lines": 0}, "missing_lines": [89], "excluded_lines": []}, "_resolve_k": {"executed_lines": [95, 96], "summary": {"covered_lines": 2, "num_statements": 3, "percent_covered": 66.66666666666667, "percent_covered_display": "67", "missing_lines": 1, "excluded_lines": 0}, "missing_lines": [97], "excluded_lines": []}, "budget_curve_auc": {"executed_lines": [107, 108, 110, 111, 113, 115], "summary": {"covered_lines": 6, "num_statements": 8, "percent_covered": 75.0, "percent_covered_display": "75", "missing_lines": 2, "excluded_lines": 0}, "missing_lines": [109, 112], "excluded_lines": []}, "binary_metrics": {"executed_lines": [125], "summary": {"covered_lines": 1, "num_statements": 8, "percent_covered": 12.5, "percent_covered_display": "12", "missing_lines": 7, "excluded_lines": 0}, "missing_lines": [126, 127, 128, 130, 131, 132, 133], "excluded_lines": []}, "select_threshold_on_validation": {"executed_lines": [161, 162, 163, 167, 173, 175, 176, 177, 178, 179, 180, 190, 191, 192], "summary": {"covered_lines": 14, "num_statements": 23, "percent_covered": 60.869565217391305, "percent_covered_display": "61", "missing_lines": 9, "excluded_lines": 0}, "missing_lines": [174, 181, 182, 183, 184, 185, 186, 187, 189], "excluded_lines": []}, "select_budget_cutoff": {"executed_lines": [204, 205, 206, 208, 209], "summary": {"covered_lines": 5, "num_statements": 6, "percent_covered": 83.33333333333333, "percent_covered_display": "83", "missing_lines": 1, "excluded_lines": 0}, "missing_lines": [207], "excluded_lines": []}, "": {"executed_lines": [1, 3, 5, 6, 8, 9, 10, 20, 26, 42, 48, 67, 80, 94, 100, 118, 143, 144, 145, 146, 147, 148, 151, 199], "summary": {"covered_lines": 23, "num_statements": 23, "percent_covered": 100.0, "percent_covered_display": "100", "missing_lines": 0, "excluded_lines": 0}, "missing_lines": [], "excluded_lines": []}}, "classes": {"ThresholdSelection": {"executed_lines": [], "summary": {"covered_lines": 0, "num_statements": 0, "percent_covered": 100.0, "percent_covered_display": "100", "missing_lines": 0, "excluded_lines": 0}, "missing_lines": [], "excluded_lines": []}, "": {"executed_lines": [1, 3, 5, 6, 8, 9, 10, 20, 26, 31, 32, 33, 35, 36, 37, 38, 39, 42, 48, 54, 55, 57, 58, 60, 62, 63, 64, 67, 80, 86, 87, 88, 90, 91, 94, 95, 96, 100, 107, 108, 110, 111, 113, 115, 118, 125, 143, 144, 145, 146, 147, 148, 151, 161, 162, 163, 167, 173, 175, 176, 177, 178, 179, 180, 190, 191, 192, 199, 204, 205, 206, 208, 209], "summary": {"covered_lines": 72, "num_statements": 107, "percent_covered": 67.28971962616822, "percent_covered_display": "67", "missing_lines": 35, "excluded_lines": 0}, "missing_lines": [21, 22, 23, 34, 43, 44, 45, 56, 61, 73, 74, 75, 76, 77, 89, 97, 109, 112, 126, 127, 128, 130, 131, 132, 133, 174, 181, 182, 183, 184, 185, 186, 187, 189, 207], "excluded_lines": []}}}, "coregraph/evaluation/regret.py": {"executed_lines": [1, 3, 5, 7, 10, 15, 16, 17, 22, 24, 25, 28, 29, 30, 32, 33, 34], "summary": {"covered_lines": 16, "num_statements": 18, "percent_covered": 88.88888888888889, "percent_covered_display": "89", "missing_lines": 2, "excluded_lines": 0}, "missing_lines": [23, 31], "excluded_lines": [], "functions": {"contract_regrets": {"executed_lines": [15, 16, 17, 22, 24, 25], "summary": {"covered_lines": 6, "num_statements": 7, "percent_covered": 85.71428571428571, "percent_covered_display": "86", "missing_lines": 1, "excluded_lines": 0}, "missing_lines": [23], "excluded_lines": []}, "regret_summary": {"executed_lines": [29, 30, 32, 33, 34], "summary": {"covered_lines": 5, "num_statements": 6, "percent_covered": 83.33333333333333, "percent_covered_display": "83", "missing_lines": 1, "excluded_lines": 0}, "missing_lines": [31], "excluded_lines": []}, "": {"executed_lines": [1, 3, 5, 7, 10, 28], "summary": {"covered_lines": 5, "num_statements": 5, "percent_covered": 100.0, "percent_covered_display": "100", "missing_lines": 0, "excluded_lines": 0}, "missing_lines": [], "excluded_lines": []}}, "classes": {"": {"executed_lines": [1, 3, 5, 7, 10, 15, 16, 17, 22, 24, 25, 28, 29, 30, 32, 33, 34], "summary": {"covered_lines": 16, "num_statements": 18, "percent_covered": 88.88888888888889, "percent_covered_display": "89", "missing_lines": 2, "excluded_lines": 0}, "missing_lines": [23, 31], "excluded_lines": []}}}, "coregraph/evaluation/reports.py": {"executed_lines": [], "summary": {"covered_lines": 0, "num_statements": 4, "percent_covered": 0.0, "percent_covered_display": "0", "missing_lines": 4, "excluded_lines": 0}, "missing_lines": [3, 5, 8, 15], "excluded_lines": [], "functions": {"evaluation_report": {"executed_lines": [], "summary": {"covered_lines": 0, "num_statements": 1, "percent_covered": 0.0, "percent_covered_display": "0", "missing_lines": 1, "excluded_lines": 0}, "missing_lines": [15], "excluded_lines": []}, "": {"executed_lines": [], "summary": {"covered_lines": 0, "num_statements": 3, "percent_covered": 0.0, "percent_covered_display": "0", "missing_lines": 3, "excluded_lines": 0}, "missing_lines": [3, 5, 8], "excluded_lines": []}}, "classes": {"": {"executed_lines": [], "summary": {"covered_lines": 0, "num_statements": 4, "percent_covered": 0.0, "percent_covered_display": "0", "missing_lines": 4, "excluded_lines": 0}, "missing_lines": [3, 5, 8, 15], "excluded_lines": []}}}, "coregraph/evaluation/statistics.py": {"executed_lines": [1, 3, 5, 6, 7, 9, 10, 13, 14, 15, 16, 18, 20, 23, 24, 25, 26, 27, 28, 29, 30, 31, 32, 35, 41, 42, 43, 45, 51, 62, 68, 69, 70, 71, 72, 73, 84, 92, 93, 94, 95, 96, 100, 101, 102, 109, 110, 121, 122, 123, 125, 126, 129, 148], "summary": {"covered_lines": 53, "num_statements": 79, "percent_covered": 67.0886075949367, "percent_covered_display": "67", "missing_lines": 26, "excluded_lines": 0}, "missing_lines": [17, 19, 44, 98, 99, 103, 104, 105, 106, 108, 124, 135, 136, 137, 138, 139, 140, 141, 142, 143, 144, 145, 154, 155, 156, 157], "excluded_lines": [], "functions": {"_diffs": {"executed_lines": [14, 15, 16, 18, 20], "summary": {"covered_lines": 5, "num_statements": 7, "percent_covered": 71.42857142857143, "percent_covered_display": "71", "missing_lines": 2, "excluded_lines": 0}, "missing_lines": [17, 19], "excluded_lines": []}, "exact_wilcoxon": {"executed_lines": [41, 42, 43, 45, 51], "summary": {"covered_lines": 5, "num_statements": 6, "percent_covered": 83.33333333333333, "percent_covered_display": "83", "missing_lines": 1, "excluded_lines": 0}, "missing_lines": [44], "excluded_lines": []}, "sign_test": {"executed_lines": [68, 69, 70, 71, 72, 73], "summary": {"covered_lines": 6, "num_statements": 6, "percent_covered": 100.0, "percent_covered_display": "100", "missing_lines": 0, "excluded_lines": 0}, "missing_lines": [], "excluded_lines": []}, "paired_permutation": {"executed_lines": [92, 93, 94, 95, 96, 100, 101, 102, 109, 110], "summary": {"covered_lines": 10, "num_statements": 17, "percent_covered": 58.8235294117647, "percent_covered_display": "59", "missing_lines": 7, "excluded_lines": 0}, "missing_lines": [98, 99, 103, 104, 105, 106, 108], "excluded_lines": []}, "paired_effect_size": {"executed_lines": [122, 123, 125, 126], "summary": {"covered_lines": 4, "num_statements": 5, "percent_covered": 80.0, "percent_covered_display": "80", "missing_lines": 1, "excluded_lines": 0}, "missing_lines": [124], "excluded_lines": []}, "bootstrap_seed_blocks": {"executed_lines": [], "summary": {"covered_lines": 0, "num_statements": 11, "percent_covered": 0.0, "percent_covered_display": "0", "missing_lines": 11, "excluded_lines": 0}, "missing_lines": [135, 136, 137, 138, 139, 140, 141, 142, 143, 144, 145], "excluded_lines": []}, "aggregate_contexts_within_seed": {"executed_lines": [], "summary": {"covered_lines": 0, "num_statements": 4, "percent_covered": 0.0, "percent_covered_display": "0", "missing_lines": 4, "excluded_lines": 0}, "missing_lines": [154, 155, 156, 157], "excluded_lines": []}, "": {"executed_lines": [1, 3, 5, 6, 7, 9, 10, 13, 23, 24, 25, 26, 27, 28, 29, 30, 31, 32, 35, 62, 84, 121, 129, 148], "summary": {"covered_lines": 23, "num_statements": 23, "percent_covered": 100.0, "percent_covered_display": "100", "missing_lines": 0, "excluded_lines": 0}, "missing_lines": [], "excluded_lines": []}}, "classes": {"PairedInference": {"executed_lines": [], "summary": {"covered_lines": 0, "num_statements": 0, "percent_covered": 100.0, "percent_covered_display": "100", "missing_lines": 0, "excluded_lines": 0}, "missing_lines": [], "excluded_lines": []}, "": {"executed_lines": [1, 3, 5, 6, 7, 9, 10, 13, 14, 15, 16, 18, 20, 23, 24, 25, 26, 27, 28, 29, 30, 31, 32, 35, 41, 42, 43, 45, 51, 62, 68, 69, 70, 71, 72, 73, 84, 92, 93, 94, 95, 96, 100, 101, 102, 109, 110, 121, 122, 123, 125, 126, 129, 148], "summary": {"covered_lines": 53, "num_statements": 79, "percent_covered": 67.0886075949367, "percent_covered_display": "67", "missing_lines": 26, "excluded_lines": 0}, "missing_lines": [17, 19, 44, 98, 99, 103, 104, 105, 106, 108, 124, 135, 136, 137, 138, 139, 140, 141, 142, 143, 144, 145, 154, 155, 156, 157], "excluded_lines": []}}}, "coregraph/evidence.py": {"executed_lines": [1, 3, 5, 6, 7, 9, 10, 13, 14, 18, 19, 20, 21, 22, 25, 26, 27, 28, 29, 32, 33, 34, 35, 38, 39, 40, 41, 44, 45, 46, 47, 50, 51, 52, 53, 56, 57, 58, 59, 62, 63, 64, 65, 66, 67, 68, 69, 70, 71, 72, 73, 74, 77, 78, 79, 80, 81, 82, 83, 84, 85, 86, 87, 88, 89, 90, 91, 92, 93, 94, 95, 96, 97, 98, 99, 100, 101, 102, 103, 104, 105, 106, 108, 111, 112, 113, 116, 117, 118, 119, 120, 121, 122, 123, 124, 125, 126, 127, 128, 129, 132, 133, 134, 135, 136, 137, 138, 139, 140, 141, 142, 143, 144, 145, 146, 147, 148, 149, 150, 151, 152, 155, 156, 157, 158, 159, 160, 161, 162, 163, 164, 165, 166, 167, 169, 173, 174, 180, 188, 189, 196, 197, 204, 205, 206, 207, 208, 210, 211, 212, 213, 215, 217, 227, 233, 234, 235, 236, 237, 238, 239, 240, 241, 242, 244, 245, 253, 254, 256, 257, 258, 260, 261, 262, 265, 266, 267, 278, 279, 284, 285, 296, 301, 307, 308, 309, 311, 312, 313, 314, 316, 319, 322, 324, 331, 345, 346, 351, 353, 355, 357, 359, 361, 362, 363, 364, 365, 366, 367, 369, 370, 371, 372, 373, 377, 378, 380, 382, 389, 391, 393, 398, 400, 401, 405, 407, 408, 409, 412, 416, 417, 418, 419, 420, 422, 424, 425, 429, 430, 431, 432, 433, 434, 435, 436, 438, 439, 446, 449], "summary": {"covered_lines": 247, "num_statements": 283, "percent_covered": 87.27915194346289, "percent_covered_display": "87", "missing_lines": 36, "excluded_lines": 0}, "missing_lines": [15, 109, 170, 259, 263, 302, 315, 317, 318, 320, 352, 354, 356, 358, 360, 368, 379, 381, 390, 392, 394, 395, 396, 397, 406, 415, 421, 437, 440, 441, 442, 443, 444, 445, 453, 454], "excluded_lines": [], "functions": {"_Value.__str__": {"executed_lines": [], "summary": {"covered_lines": 0, "num_statements": 1, "percent_covered": 0.0, "percent_covered_display": "0", "missing_lines": 1, "excluded_lines": 0}, "missing_lines": [15], "excluded_lines": []}, "EvidenceUnitV2.to_dict": {"executed_lines": [], "summary": {"covered_lines": 0, "num_statements": 1, "percent_covered": 0.0, "percent_covered_display": "0", "missing_lines": 1, "excluded_lines": 0}, "missing_lines": [109], "excluded_lines": []}, "EvidenceUnitV2.outcome_map": {"executed_lines": [113], "summary": {"covered_lines": 1, "num_statements": 1, "percent_covered": 100.0, "percent_covered_display": "100", "missing_lines": 0, "excluded_lines": 0}, "missing_lines": [], "excluded_lines": []}, "SupportReport.to_dict": {"executed_lines": [], "summary": {"covered_lines": 0, "num_statements": 1, "percent_covered": 0.0, "percent_covered_display": "0", "missing_lines": 1, "excluded_lines": 0}, "missing_lines": [170], "excluded_lines": []}, "SupportEngine.evaluate": {"executed_lines": [188, 189, 196, 197, 204, 205, 206, 207, 208, 210, 211, 212, 213, 215, 217, 227, 233, 234, 235, 236, 237, 238, 239, 240, 241, 242, 244, 245, 253, 254, 256, 257, 258, 260, 261, 262, 265, 266, 267, 278, 279, 284, 285, 296, 301, 307, 308, 309, 311, 312, 313, 314, 316, 319, 322, 324, 331], "summary": {"covered_lines": 57, "num_statements": 64, "percent_covered": 89.0625, "percent_covered_display": "89", "missing_lines": 7, "excluded_lines": 0}, "missing_lines": [259, 263, 302, 315, 317, 318, 320], "excluded_lines": []}, "SupportEngine._exclusion_reason": {"executed_lines": [351, 353, 355, 357, 359, 361, 362, 363, 364, 365, 366, 367, 369, 370, 371, 372, 373, 377, 378, 380, 382, 389, 391, 393, 398], "summary": {"covered_lines": 25, "num_statements": 39, "percent_covered": 64.1025641025641, "percent_covered_display": "64", "missing_lines": 14, "excluded_lines": 0}, "missing_lines": [352, 354, 356, 358, 360, 368, 379, 381, 390, 392, 394, 395, 396, 397], "excluded_lines": []}, "SupportEngine._pairing_diagnostics": {"executed_lines": [405, 407, 408, 409, 412, 416, 417, 418, 419, 420, 422], "summary": {"covered_lines": 11, "num_statements": 14, "percent_covered": 78.57142857142857, "percent_covered_display": "79", "missing_lines": 3, "excluded_lines": 0}, "missing_lines": [406, 415, 421], "excluded_lines": []}, "SupportEngine._contradictions": {"executed_lines": [429, 430, 431, 432, 433, 434, 435, 436, 438, 439, 446], "summary": {"covered_lines": 11, "num_statements": 18, "percent_covered": 61.111111111111114, "percent_covered_display": "61", "missing_lines": 7, "excluded_lines": 0}, "missing_lines": [437, 440, 441, 442, 443, 444, 445], "excluded_lines": []}, "evidence_report": {"executed_lines": [], "summary": {"covered_lines": 0, "num_statements": 2, "percent_covered": 0.0, "percent_covered_display": "0", "missing_lines": 2, "excluded_lines": 0}, "missing_lines": [453, 454], "excluded_lines": []}, "": {"executed_lines": [1, 3, 5, 6, 7, 9, 10, 13, 14, 18, 19, 20, 21, 22, 25, 26, 27, 28, 29, 32, 33, 34, 35, 38, 39, 40, 41, 44, 45, 46, 47, 50, 51, 52, 53, 56, 57, 58, 59, 62, 63, 64, 65, 66, 67, 68, 69, 70, 71, 72, 73, 74, 77, 78, 79, 80, 81, 82, 83, 84, 85, 86, 87, 88, 89, 90, 91, 92, 93, 94, 95, 96, 97, 98, 99, 100, 101, 102, 103, 104, 105, 106, 108, 111, 112, 116, 117, 118, 119, 120, 121, 122, 123, 124, 125, 126, 127, 128, 129, 132, 133, 134, 135, 136, 137, 138, 139, 140, 141, 142, 143, 144, 145, 146, 147, 148, 149, 150, 151, 152, 155, 156, 157, 158, 159, 160, 161, 162, 163, 164, 165, 166, 167, 169, 173, 174, 180, 345, 346, 400, 401, 424, 425, 449], "summary": {"covered_lines": 142, "num_statements": 142, "percent_covered": 100.0, "percent_covered_display": "100", "missing_lines": 0, "excluded_lines": 0}, "missing_lines": [], "excluded_lines": []}}, "classes": {"_Value": {"executed_lines": [], "summary": {"covered_lines": 0, "num_statements": 1, "percent_covered": 0.0, "percent_covered_display": "0", "missing_lines": 1, "excluded_lines": 0}, "missing_lines": [15], "excluded_lines": []}, "DataStatus": {"executed_lines": [], "summary": {"covered_lines": 0, "num_statements": 0, "percent_covered": 100.0, "percent_covered_display": "100", "missing_lines": 0, "excluded_lines": 0}, "missing_lines": [], "excluded_lines": []}, "ProvenanceLevel": {"executed_lines": [], "summary": {"covered_lines": 0, "num_statements": 0, "percent_covered": 100.0, "percent_covered_display": "100", "missing_lines": 0, "excluded_lines": 0}, "missing_lines": [], "excluded_lines": []}, "ValidationState": {"executed_lines": [], "summary": {"covered_lines": 0, "num_statements": 0, "percent_covered": 100.0, "percent_covered_display": "100", "missing_lines": 0, "excluded_lines": 0}, "missing_lines": [], "excluded_lines": []}, "IntegrityState": {"executed_lines": [], "summary": {"covered_lines": 0, "num_statements": 0, "percent_covered": 100.0, "percent_covered_display": "100", "missing_lines": 0, "excluded_lines": 0}, "missing_lines": [], "excluded_lines": []}, "ConstructState": {"executed_lines": [], "summary": {"covered_lines": 0, "num_statements": 0, "percent_covered": 100.0, "percent_covered_display": "100", "missing_lines": 0, "excluded_lines": 0}, "missing_lines": [], "excluded_lines": []}, "ResourceState": {"executed_lines": [], "summary": {"covered_lines": 0, "num_statements": 0, "percent_covered": 100.0, "percent_covered_display": "100", "missing_lines": 0, "excluded_lines": 0}, "missing_lines": [], "excluded_lines": []}, "ImportState": {"executed_lines": [], "summary": {"covered_lines": 0, "num_statements": 0, "percent_covered": 100.0, "percent_covered_display": "100", "missing_lines": 0, "excluded_lines": 0}, "missing_lines": [], "excluded_lines": []}, "SupportStatus": {"executed_lines": [], "summary": {"covered_lines": 0, "num_statements": 0, "percent_covered": 100.0, "percent_covered_display": "100", "missing_lines": 0, "excluded_lines": 0}, "missing_lines": [], "excluded_lines": []}, "EvidenceUnitV2": {"executed_lines": [113], "summary": {"covered_lines": 1, "num_statements": 2, "percent_covered": 50.0, "percent_covered_display": "50", "missing_lines": 1, "excluded_lines": 0}, "missing_lines": [109], "excluded_lines": []}, "EvidencePredicate": {"executed_lines": [], "sum
[...]
 []}, "TaskAdapter.budget_count": {"executed_lines": [118, 119, 120], "summary": {"covered_lines": 3, "num_statements": 4, "percent_covered": 75.0, "percent_covered_display": "75", "missing_lines": 1, "excluded_lines": 0}, "missing_lines": [121], "excluded_lines": []}, "TaskAdapter.prediction_export_schema": {"executed_lines": [], "summary": {"covered_lines": 0, "num_statements": 1, "percent_covered": 0.0, "percent_covered_display": "0", "missing_lines": 1, "excluded_lines": 0}, "missing_lines": [124], "excluded_lines": []}, "TaskAdapter.metric_compatible": {"executed_lines": [], "summary": {"covered_lines": 0, "num_statements": 1, "percent_covered": 0.0, "percent_covered_display": "0", "missing_lines": 1, "excluded_lines": 0}, "missing_lines": [136], "excluded_lines": []}, "TaskAdapter.class_mapping": {"executed_lines": [], "summary": {"covered_lines": 0, "num_statements": 1, "percent_covered": 0.0, "percent_covered_display": "0", "missing_lines": 1, "excluded_lines": 0}, "missing_lines": [149], "excluded_lines": []}, "TaskAdapter.build_batch": {"executed_lines": [], "summary": {"covered_lines": 0, "num_statements": 1, "percent_covered": 0.0, "percent_covered_display": "0", "missing_lines": 1, "excluded_lines": 0}, "missing_lines": [153], "excluded_lines": []}, "TaskAdapter.construct_graph_view": {"executed_lines": [], "summary": {"covered_lines": 0, "num_statements": 1, "percent_covered": 0.0, "percent_covered_display": "0", "missing_lines": 1, "excluded_lines": 0}, "missing_lines": [157], "excluded_lines": []}, "split_name": {"executed_lines": [], "summary": {"covered_lines": 0, "num_statements": 7, "percent_covered": 0.0, "percent_covered_display": "0", "missing_lines": 7, "excluded_lines": 0}, "missing_lines": [161, 162, 163, 164, 165, 166, 167], "excluded_lines": []}, "align_prediction_rows": {"executed_lines": [177, 179, 180, 181, 182, 183, 184, 185, 187, 188, 189, 190, 191, 193, 194, 195, 196, 197, 198, 199, 200, 201, 203, 204], "summary": {"covered_lines": 24, "num_statements": 28, "percent_covered": 85.71428571428571, "percent_covered_display": "86", "missing_lines": 4, "excluded_lines": 0}, "missing_lines": [178, 186, 192, 202], "excluded_lines": []}, "": {"executed_lines": [1, 3, 5, 6, 7, 8, 10, 12, 15, 16, 20, 21, 22, 23, 26, 27, 28, 29, 32, 33, 34, 35, 36, 37, 38, 39, 40, 41, 42, 43, 44, 45, 46, 48, 77, 100, 101, 103, 104, 105, 106, 108, 111, 114, 117, 123, 135, 148, 151, 152, 155, 156, 160, 170], "summary": {"covered_lines": 52, "num_statements": 52, "percent_covered": 100.0, "percent_covered_display": "100", "missing_lines": 0, "excluded_lines": 0}, "missing_lines": [], "excluded_lines": []}}, "classes": {"_Value": {"executed_lines": [], "summary": {"covered_lines": 0, "num_statements": 1, "percent_covered": 0.0, "percent_covered_display": "0", "missing_lines": 1, "excluded_lines": 0}, "missing_lines": [17], "excluded_lines": []}, "TaskType": {"executed_lines": [], "summary": {"covered_lines": 0, "num_statements": 0, "percent_covered": 100.0, "percent_covered_display": "100", "missing_lines": 0, "excluded_lines": 0}, "missing_lines": [], "excluded_lines": []}, "PredictionUnit": {"executed_lines": [], "summary": {"covered_lines": 0, "num_statements": 0, "percent_covered": 100.0, "percent_covered_display": "100", "missing_lines": 0, "excluded_lines": 0}, "missing_lines": [], "excluded_lines": []}, "TaskBatch": {"executed_lines": [49, 50, 59, 60, 62, 63, 64, 65, 67, 69, 71, 73, 74, 75], "summary": {"covered_lines": 14, "num_statements": 23, "percent_covered": 60.869565217391305, "percent_covered_display": "61", "missing_lines": 9, "excluded_lines": 0}, "missing_lines": [61, 66, 68, 70, 72, 78, 79, 80, 81], "excluded_lines": []}, "TaskAdapter": {"executed_lines": [118, 119, 120], "summary": {"covered_lines": 3, "num_statements": 12, "percent_covered": 25.0, "percent_covered_display": "25", "missing_lines": 9, "excluded_lines": 0}, "missing_lines": [109, 112, 115, 121, 124, 136, 149, 153, 157], "excluded_lines": []}, "": {"executed_lines": [1, 3, 5, 6, 7, 8, 10, 12, 15, 16, 20, 21, 22, 23, 26, 27, 28, 29, 32, 33, 34, 35, 36, 37, 38, 39, 40, 41, 42, 43, 44, 45, 46, 48, 77, 100, 101, 103, 104, 105, 106, 108, 111, 114, 117, 123, 135, 148, 151, 152, 155, 156, 160, 170, 177, 179, 180, 181, 182, 183, 184, 185, 187, 188, 189, 190, 191, 193, 194, 195, 196, 197, 198, 199, 200, 201, 203, 204], "summary": {"covered_lines": 76, "num_statements": 87, "percent_covered": 87.35632183908046, "percent_covered_display": "87", "missing_lines": 11, "excluded_lines": 0}, "missing_lines": [161, 162, 163, 164, 165, 166, 167, 178, 186, 192, 202], "excluded_lines": []}}}, "coregraph/tasks/edge_task.py": {"executed_lines": [1, 3, 5, 7, 9, 10, 13, 14, 15, 17, 32, 33, 50], "summary": {"covered_lines": 12, "num_statements": 13, "percent_covered": 92.3076923076923, "percent_covered_display": "92", "missing_lines": 1, "excluded_lines": 0}, "missing_lines": [51], "excluded_lines": [], "functions": {"EdgeTaskAdapter.build_batch": {"executed_lines": [32, 33], "summary": {"covered_lines": 2, "num_statements": 2, "percent_covered": 100.0, "percent_covered_display": "100", "missing_lines": 0, "excluded_lines": 0}, "missing_lines": [], "excluded_lines": []}, "EdgeTaskAdapter.construct_graph_view": {"executed_lines": [], "summary": {"covered_lines": 0, "num_statements": 1, "percent_covered": 0.0, "percent_covered_display": "0", "missing_lines": 1, "excluded_lines": 0}, "missing_lines": [51], "excluded_lines": []}, "": {"executed_lines": [1, 3, 5, 7, 9, 10, 13, 14, 15, 17, 50], "summary": {"covered_lines": 10, "num_statements": 10, "percent_covered": 100.0, "percent_covered_display": "100", "missing_lines": 0, "excluded_lines": 0}, "missing_lines": [], "excluded_lines": []}}, "classes": {"EdgeTaskAdapter": {"executed_lines": [32, 33], "summary": {"covered_lines": 2, "num_statements": 3, "percent_covered": 66.66666666666667, "percent_covered_display": "67", "missing_lines": 1, "excluded_lines": 0}, "missing_lines": [51], "excluded_lines": []}, "": {"executed_lines": [1, 3, 5, 7, 9, 10, 13, 14, 15, 17, 50], "summary": {"covered_lines": 10, "num_statements": 10, "percent_covered": 100.0, "percent_covered_display": "100", "missing_lines": 0, "excluded_lines": 0}, "missing_lines": [], "excluded_lines": []}}}, "coregraph/tasks/node_task.py": {"executed_lines": [1, 3, 5, 7, 9, 10, 13, 14, 15, 17, 31, 32, 47], "summary": {"covered_lines": 12, "num_statements": 13, "percent_covered": 92.3076923076923, "percent_covered_display": "92", "missing_lines": 1, "excluded_lines": 0}, "missing_lines": [48], "excluded_lines": [], "functions": {"NodeTaskAdapter.build_batch": {"executed_lines": [31, 32], "summary": {"covered_lines": 2, "num_statements": 2, "percent_covered": 100.0, "percent_covered_display": "100", "missing_lines": 0, "excluded_lines": 0}, "missing_lines": [], "excluded_lines": []}, "NodeTaskAdapter.construct_graph_view": {"executed_lines": [], "summary": {"covered_lines": 0, "num_statements": 1, "percent_covered": 0.0, "percent_covered_display": "0", "missing_lines": 1, "excluded_lines": 0}, "missing_lines": [48], "excluded_lines": []}, "": {"executed_lines": [1, 3, 5, 7, 9, 10, 13, 14, 15, 17, 47], "summary": {"covered_lines": 10, "num_statements": 10, "percent_covered": 100.0, "percent_covered_display": "100", "missing_lines": 0, "excluded_lines": 0}, "missing_lines": [], "excluded_lines": []}}, "classes": {"NodeTaskAdapter": {"executed_lines": [31, 32], "summary": {"covered_lines": 2, "num_statements": 3, "percent_covered": 66.66666666666667, "percent_covered_display": "67", "missing_lines": 1, "excluded_lines": 0}, "missing_lines": [48], "excluded_lines": []}, "": {"executed_lines": [1, 3, 5, 7, 9, 10, 13, 14, 15, 17, 47], "summary": {"covered_lines": 10, "num_statements": 10, "percent_covered": 100.0, "percent_covered_display": "100", "missing_lines": 0, "excluded_lines": 0}, "missing_lines": [], "excluded_lines": []}}}, "coregraph/tasks/transaction_task.py": {"executed_lines": [1, 3, 5, 7, 9, 10, 13, 14, 15, 17, 32, 33, 50], "summary": {"covered_lines": 12, "num_statements": 13, "percent_covered": 92.3076923076923, "percent_covered_display": "92", "missing_lines": 1, "excluded_lines": 0}, "missing_lines": [51], "excluded_lines": [], "functions": {"TransactionTaskAdapter.build_batch": {"executed_lines": [32, 33], "summary": {"covered_lines": 2, "num_statements": 2, "percent_covered": 100.0, "percent_covered_display": "100", "missing_lines": 0, "excluded_lines": 0}, "missing_lines": [], "excluded_lines": []}, "TransactionTaskAdapter.construct_graph_view": {"executed_lines": [], "summary": {"covered_lines": 0, "num_statements": 1, "percent_covered": 0.0, "percent_covered_display": "0", "missing_lines": 1, "excluded_lines": 0}, "missing_lines": [51], "excluded_lines": []}, "": {"executed_lines": [1, 3, 5, 7, 9, 10, 13, 14, 15, 17, 50], "summary": {"covered_lines": 10, "num_statements": 10, "percent_covered": 100.0, "percent_covered_display": "100", "missing_lines": 0, "excluded_lines": 0}, "missing_lines": [], "excluded_lines": []}}, "classes": {"TransactionTaskAdapter": {"executed_lines": [32, 33], "summary": {"covered_lines": 2, "num_statements": 3, "percent_covered": 66.66666666666667, "percent_covered_display": "67", "missing_lines": 1, "excluded_lines": 0}, "missing_lines": [51], "excluded_lines": []}, "": {"executed_lines": [1, 3, 5, 7, 9, 10, 13, 14, 15, 17, 50], "summary": {"covered_lines": 10, "num_statements": 10, "percent_covered": 100.0, "percent_covered_display": "100", "missing_lines": 0, "excluded_lines": 0}, "missing_lines": [], "excluded_lines": []}}}, "coregraph/theory/__init__.py": {"executed_lines": [1, 3, 5], "summary": {"covered_lines": 2, "num_statements": 2, "percent_covered": 100.0, "percent_covered_display": "100", "missing_lines": 0, "excluded_lines": 0}, "missing_lines": [], "excluded_lines": [], "functions": {"": {"executed_lines": [1, 3, 5], "summary": {"covered_lines": 2, "num_statements": 2, "percent_covered": 100.0, "percent_covered_display": "100", "missing_lines": 0, "excluded_lines": 0}, "missing_lines": [], "excluded_lines": []}}, "classes": {"": {"executed_lines": [1, 3, 5], "summary": {"covered_lines": 2, "num_statements": 2, "percent_covered": 100.0, "percent_covered_display": "100", "missing_lines": 0, "excluded_lines": 0}, "missing_lines": [], "excluded_lines": []}}}, "coregraph/theory/compositional_bound.py": {"executed_lines": [1, 3, 5, 6, 8, 11, 12, 13, 14, 15, 16, 17, 20, 26, 27, 29, 30, 38, 44, 45, 46, 48, 53, 58], "summary": {"covered_lines": 23, "num_statements": 25, "percent_covered": 92.0, "percent_covered_display": "92", "missing_lines": 2, "excluded_lines": 0}, "missing_lines": [28, 47], "excluded_lines": [], "functions": {"compositional_error_bound": {"executed_lines": [26, 27, 29, 30], "summary": {"covered_lines": 4, "num_statements": 5, "percent_covered": 80.0, "percent_covered_display": "80", "missing_lines": 1, "excluded_lines": 0}, "missing_lines": [28], "excluded_lines": []}, "verify_additive_bound": {"executed_lines": [44, 45, 46, 48, 53, 58], "summary": {"covered_lines": 6, "num_statements": 7, "percent_covered": 85.71428571428571, "percent_covered_display": "86", "missing_lines": 1, "excluded_lines": 0}, "missing_lines": [47], "excluded_lines": []}, "": {"executed_lines": [1, 3, 5, 6, 8, 11, 12, 13, 14, 15, 16, 17, 20, 38], "summary": {"covered_lines": 13, "num_statements": 13, "percent_covered": 100.0, "percent_covered_display": "100", "missing_lines": 0, "excluded_lines": 0}, "missing_lines": [], "excluded_lines": []}}, "classes": {"CompositionalBound": {"executed_lines": [], "summary": {"covered_lines": 0, "num_statements": 0, "percent_covered": 100.0, "percent_covered_display": "100", "missing_lines": 0, "excluded_lines": 0}, "missing_lines": [], "excluded_lines": []}, "": {"executed_lines": [1, 3, 5, 6, 8, 11, 12, 13, 14, 15, 16, 17, 20, 26, 27, 29, 30, 38, 44, 45, 46, 48, 53, 58], "summary": {"covered_lines": 23, "num_statements": 25, "percent_covered": 92.0, "percent_covered_display": "92", "missing_lines": 2, "excluded_lines": 0}, "missing_lines": [28, 47], "excluded_lines": []}}}, "coregraph/theory/fixed_mixture.py": {"executed_lines": [1, 3, 5, 7, 10, 11, 12, 13, 14, 15, 16, 19, 29, 30, 31, 32, 33, 36, 41, 42, 44], "summary": {"covered_lines": 20, "num_statements": 21, "percent_covered": 95.23809523809524, "percent_covered_display": "95", "missing_lines": 1, "excluded_lines": 0}, "missing_lines": [43], "excluded_lines": [], "functions": {"fixed_mixture_lower_bound": {"executed_lines": [29, 30, 31, 32, 33], "summary": {"covered_lines": 5, "num_statements": 5, "percent_covered": 100.0, "percent_covered_display": "100", "missing_lines": 0, "excluded_lines": 0}, "missing_lines": [], "excluded_lines": []}, "fixed_mixture_regret_curve": {"executed_lines": [41, 42, 44], "summary": {"covered_lines": 3, "num_statements": 4, "percent_covered": 75.0, "percent_covered_display": "75", "missing_lines": 1, "excluded_lines": 0}, "missing_lines": [43], "excluded_lines": []}, "": {"executed_lines": [1, 3, 5, 7, 10, 11, 12, 13, 14, 15, 16, 19, 36], "summary": {"covered_lines": 12, "num_statements": 12, "percent_covered": 100.0, "percent_covered_display": "100", "missing_lines": 0, "excluded_lines": 0}, "missing_lines": [], "excluded_lines": []}}, "classes": {"FixedMixtureResult": {"executed_lines": [], "summary": {"covered_lines": 0, "num_statements": 0, "percent_covered": 100.0, "percent_covered_display": "100", "missing_lines": 0, "excluded_lines": 0}, "missing_lines": [], "excluded_lines": []}, "": {"executed_lines": [1, 3, 5, 7, 10, 11, 12, 13, 14, 15, 16, 19, 29, 30, 31, 32, 33, 36, 41, 42, 44], "summary": {"covered_lines": 20, "num_statements": 21, "percent_covered": 95.23809523809524, "percent_covered_display": "95", "missing_lines": 1, "excluded_lines": 0}, "missing_lines": [43], "excluded_lines": []}}}, "coregraph/theory/numerical_checks.py": {"executed_lines": [1, 3, 5, 7, 8, 12, 15, 16, 17, 18, 19, 20, 26, 31], "summary": {"covered_lines": 13, "num_statements": 13, "percent_covered": 100.0, "percent_covered_display": "100", "missing_lines": 0, "excluded_lines": 0}, "missing_lines": [], "excluded_lines": [], "functions": {"run_numerical_checks": {"executed_lines": [16, 17, 18, 19, 20, 26, 31], "summary": {"covered_lines": 7, "num_statements": 7, "percent_covered": 100.0, "percent_covered_display": "100", "missing_lines": 0, "excluded_lines": 0}, "missing_lines": [], "excluded_lines": []}, "": {"executed_lines": [1, 3, 5, 7, 8, 12, 15], "summary": {"covered_lines": 6, "num_statements": 6, "percent_covered": 100.0, "percent_covered_display": "100", "missing_lines": 0, "excluded_lines": 0}, "missing_lines": [], "excluded_lines": []}}, "classes": {"": {"executed_lines": [1, 3, 5, 7, 8, 12, 15, 16, 17, 18, 19, 20, 26, 31], "summary": {"covered_lines": 13, "num_statements": 13, "percent_covered": 100.0, "percent_covered_display": "100", "missing_lines": 0, "excluded_lines": 0}, "missing_lines": [], "excluded_lines": []}}}, "coregraph/theory/resource_mask.py": {"executed_lines": [1, 3, 5, 8, 9, 10, 11, 13, 16, 21, 22, 23, 25], "summary": {"covered_lines": 12, "num_statements": 14, "percent_covered": 85.71428571428571, "percent_covered_display": "86", "missing_lines": 2, "excluded_lines": 0}, "missing_lines": [12, 24], "excluded_lines": [], "functions": {"feasible_oracle": {"executed_lines": [9, 10, 11, 13], "summary": {"covered_lines": 4, "num_statements": 5, "percent_covered": 80.0, "percent_covered_display": "80", "missing_lines": 1, "excluded_lines": 0}, "missing_lines": [12], "excluded_lines": []}, "resource_mask_monotonicity": {"executed_lines": [21, 22, 23, 25], "summary": {"covered_lines": 4, "num_statements": 5, "percent_covered": 80.0, "percent_covered_display": "80", "missing_lines": 1, "excluded_lines": 0}, "missing_lines": [24], "excluded_lines": []}, "": {"executed_lines": [1, 3, 5, 8, 16], "summary": {"covered_lines": 4, "num_statements": 4, "percent_covered": 100.0, "percent_covered_display": "100", "missing_lines": 0, "excluded_lines": 0}, "missing_lines": [], "excluded_lines": []}}, "classes": {"": {"executed_lines": [1, 3, 5, 8, 9, 10, 11, 13, 16, 21, 22, 23, 25], "summary": {"covered_lines": 12, "num_statements": 14, "percent_covered": 85.71428571428571, "percent_covered_display": "86", "missing_lines": 2, "excluded_lines": 0}, "missing_lines": [12, 24], "excluded_lines": []}}}, "coregraph/utils/__init__.py": {"executed_lines": [1, 3, 4, 6], "summary": {"covered_lines": 3, "num_statements": 3, "percent_covered": 100.0, "percent_covered_display": "100", "missing_lines": 0, "excluded_lines": 0}, "missing_lines": [], "excluded_lines": [], "functions": {"": {"executed_lines": [1, 3, 4, 6], "summary": {"covered_lines": 3, "num_statements": 3, "percent_covered": 100.0, "percent_covered_display": "100", "missing_lines": 0, "excluded_lines": 0}, "missing_lines": [], "excluded_lines": []}}, "classes": {"": {"executed_lines": [1, 3, 4, 6], "summary": {"covered_lines": 3, "num_statements": 3, "percent_covered": 100.0, "percent_covered_display": "100", "missing_lines": 0, "excluded_lines": 0}, "missing_lines": [], "excluded_lines": []}}}, "coregraph/utils/io.py": {"executed_lines": [1, 3, 5, 6, 7, 8, 9, 10, 13, 21], "summary": {"covered_lines": 9, "num_statements": 23, "percent_covered": 39.130434782608695, "percent_covered_display": "39", "missing_lines": 14, "excluded_lines": 0}, "missing_lines": [14, 15, 16, 17, 18, 22, 23, 24, 27, 28, 29, 30, 31, 32], "excluded_lines": [], "functions": {"sha256_path": {"executed_lines": [], "summary": {"covered_lines": 0, "num_statements": 5, "percent_covered": 0.0, "percent_covered_display": "0", "missing_lines": 5, "excluded_lines": 0}, "missing_lines": [14, 15, 16, 17, 18], "excluded_lines": []}, "atomic_write_json": {"executed_lines": [], "summary": {"covered_lines": 0, "num_statements": 9, "percent_covered": 0.0, "percent_covered_display": "0", "missing_lines": 9, "excluded_lines": 0}, "missing_lines": [22, 23, 24, 27, 28, 29, 30, 31, 32], "excluded_lines": []}, "": {"executed_lines": [1, 3, 5, 6, 7, 8, 9, 10, 13, 21], "summary": {"covered_lines": 9, "num_statements": 9, "percent_covered": 100.0, "percent_covered_display": "100", "missing_lines": 0, "excluded_lines": 0}, "missing_lines": [], "excluded_lines": []}}, "classes": {"": {"executed_lines": [1, 3, 5, 6, 7, 8, 9, 10, 13, 21], "summary": {"covered_lines": 9, "num_statements": 23, "percent_covered": 39.130434782608695, "percent_covered_display": "39", "missing_lines": 14, "excluded_lines": 0}, "missing_lines": [14, 15, 16, 17, 18, 22, 23, 24, 27, 28, 29, 30, 31, 32], "excluded_lines": []}}}, "coregraph/utils/seeding.py": {"executed_lines": [1, 3, 5, 6, 8, 9, 12, 13, 15, 16, 17, 18, 19, 21, 22], "summary": {"covered_lines": 14, "num_statements": 16, "percent_covered": 87.5, "percent_covered_display": "88", "missing_lines": 2, "excluded_lines": 0}, "missing_lines": [14, 20], "excluded_lines": [], "functions": {"seed_everything": {"executed_lines": [13, 15, 16, 17, 18, 19, 21, 22], "summary": {"covered_lines": 8, "num_statements": 10, "percent_covered": 80.0, "percent_covered_display": "80", "missing_lines": 2, "excluded_lines": 0}, "missing_lines": [14, 20], "excluded_lines": []}, "": {"executed_lines": [1, 3, 5, 6, 8, 9, 12], "summary": {"covered_lines": 6, "num_statements": 6, "percent_covered": 100.0, "percent_covered_display": "100", "missing_lines": 0, "excluded_lines": 0}, "missing_lines": [], "excluded_lines": []}}, "classes": {"": {"executed_lines": [1, 3, 5, 6, 8, 9, 12, 13, 15, 16, 17, 18, 19, 21, 22], "summary": {"covered_lines": 14, "num_statements": 16, "percent_covered": 87.5, "percent_covered_display": "88", "missing_lines": 2, "excluded_lines": 0}, "missing_lines": [14, 20], "excluded_lines": []}}}}, "totals": {"covered_lines": 2680, "num_statements": 3484, "percent_covered": 76.92307692307692, "percent_covered_display": "77", "missing_lines": 804, "excluded_lines": 0}}